0 verbose cli /usr/local/bin/node /usr/local/lib/node_modules/npm/bin/npm-cli.js
1 info using npm@11.11.0
2 info using node@v24.14.1
3 silly config load:file:/usr/local/lib/node_modules/npm/npmrc
4 silly config load:file:/Users/sahitsai/Downloads/nino-next-js-personal-portfolio-template-2025-08-02-04-43-30-utc/nino-nextjs-package/.npmrc
5 silly config load:file:/Users/sahitsai/.npmrc
6 silly config load:file:/usr/local/etc/npmrc
7 verbose title npm exec skills add supabase/agent-skills
8 verbose argv "exec" "--cache" "./.npm-cache" "--" "skills" "add" "supabase/agent-skills"
9 verbose logfile logs-max:10 dir:/Users/sahitsai/Downloads/nino-next-js-personal-portfolio-template-2025-08-02-04-43-30-utc/nino-nextjs-package/.npm-cache/_logs/2026-04-20T19_32_52_235Z-
10 verbose logfile /Users/sahitsai/Downloads/nino-next-js-personal-portfolio-template-2025-08-02-04-43-30-utc/nino-nextjs-package/.npm-cache/_logs/2026-04-20T19_32_52_235Z-debug-0.log
11 silly logfile done cleaning log files
12 silly packumentCache heap:4496293888 maxSize:1124073472 maxEntrySize:562036736
13 http fetch GET 200 https://registry.npmjs.org/skills 255ms (cache miss)
14 silly packumentCache heap:4496293888 maxSize:1124073472 maxEntrySize:562036736
15 silly packumentCache heap:4496293888 maxSize:1124073472 maxEntrySize:562036736
16 silly idealTree buildDeps
17 silly fetch manifest skills@1.5.1
18 silly packumentCache full:https://registry.npmjs.org/skills cache-miss
19 http fetch GET 200 https://registry.npmjs.org/skills 321ms (cache miss)
20 silly packumentCache full:https://registry.npmjs.org/skills set size:undefined disposed:false
21 silly placeDep ROOT skills@1.5.1 OK for:  want: 1.5.1
22 silly fetch manifest yaml@^2.8.3
23 silly packumentCache full:https://registry.npmjs.org/yaml cache-miss
24 http fetch GET 200 https://registry.npmjs.org/yaml 173ms (cache miss)
25 silly packumentCache full:https://registry.npmjs.org/yaml set size:undefined disposed:false
26 silly placeDep ROOT yaml@2.8.3 OK for: skills@1.5.1 want: ^2.8.3
27 silly reify moves {}
28 silly audit bulk request { skills: [ '1.5.1' ], yaml: [ '2.8.3' ] }
29 http cache skills@https://registry.npmjs.org/skills/-/skills-1.5.1.tgz 0ms (cache hit)
30 http cache yaml@https://registry.npmjs.org/yaml/-/yaml-2.8.3.tgz 0ms (cache hit)
31 silly tarball no local data for skills@https://registry.npmjs.org/skills/-/skills-1.5.1.tgz. Extracting by manifest.
32 silly tarball no local data for yaml@https://registry.npmjs.org/yaml/-/yaml-2.8.3.tgz. Extracting by manifest.
33 http fetch GET 200 https://registry.npmjs.org/skills/-/skills-1.5.1.tgz 204ms (cache miss)
34 http fetch POST 200 https://registry.npmjs.org/-/npm/v1/security/advisories/bulk 355ms
35 silly audit report {}
36 http fetch GET 200 https://registry.npmjs.org/yaml/-/yaml-2.8.3.tgz 632ms (cache miss)
