0 verbose cli /usr/local/bin/node /usr/local/bin/npm
1 info using npm@11.11.0
2 info using node@v24.14.1
3 silly config load:file:/usr/local/lib/node_modules/npm/npmrc
4 silly config load:file:/Users/sahitsai/Downloads/nino-next-js-personal-portfolio-template-2025-08-02-04-43-30-utc/nino-nextjs-package/.npmrc
5 silly config load:file:/Users/sahitsai/.npmrc
6 silly config load:file:/usr/local/etc/npmrc
7 verbose title npm install supabase
8 verbose argv "install" "--save-dev" "supabase" "--cache" "./.npm-cache"
9 verbose logfile logs-max:10 dir:/Users/sahitsai/Downloads/nino-next-js-personal-portfolio-template-2025-08-02-04-43-30-utc/nino-nextjs-package/.npm-cache/_logs/2026-04-20T19_33_50_628Z-
10 verbose logfile /Users/sahitsai/Downloads/nino-next-js-personal-portfolio-template-2025-08-02-04-43-30-utc/nino-nextjs-package/.npm-cache/_logs/2026-04-20T19_33_50_628Z-debug-0.log
11 silly logfile done cleaning log files
12 silly packumentCache heap:4496293888 maxSize:1124073472 maxEntrySize:562036736
13 silly idealTree buildDeps
14 silly fetch manifest supabase@*
15 silly packumentCache full:https://registry.npmjs.org/supabase cache-miss
16 http fetch GET 200 https://registry.npmjs.org/supabase 579ms (cache miss)
17 silly packumentCache full:https://registry.npmjs.org/supabase set size:undefined disposed:false
18 silly placeDep ROOT supabase@2.93.0 OK for: edumon-nextjs@0.1.0 want: *
19 silly fetch manifest bin-links@^6.0.0
20 silly packumentCache full:https://registry.npmjs.org/bin-links cache-miss
21 silly fetch manifest https-proxy-agent@^9.0.0
22 silly packumentCache full:https://registry.npmjs.org/https-proxy-agent cache-miss
23 silly fetch manifest node-fetch@^3.3.2
24 silly packumentCache full:https://registry.npmjs.org/node-fetch cache-miss
25 silly fetch manifest tar@7.5.13
26 silly packumentCache full:https://registry.npmjs.org/tar cache-miss
27 http fetch GET 200 https://registry.npmjs.org/node-fetch 304ms (cache miss)
28 silly packumentCache full:https://registry.npmjs.org/node-fetch set size:undefined disposed:false
29 http fetch GET 200 https://registry.npmjs.org/tar 418ms (cache miss)
30 silly packumentCache full:https://registry.npmjs.org/tar set size:undefined disposed:false
31 http fetch GET 200 https://registry.npmjs.org/bin-links 425ms (cache miss)
32 silly packumentCache full:https://registry.npmjs.org/bin-links set size:undefined disposed:false
33 http fetch GET 200 https://registry.npmjs.org/https-proxy-agent 645ms (cache miss)
34 silly packumentCache full:https://registry.npmjs.org/https-proxy-agent set size:undefined disposed:false
35 silly placeDep ROOT bin-links@6.0.0 OK for: supabase@2.93.0 want: ^6.0.0
36 silly placeDep ROOT https-proxy-agent@9.0.0 OK for: supabase@2.93.0 want: ^9.0.0
37 silly placeDep ROOT node-fetch@3.3.2 OK for: supabase@2.93.0 want: ^3.3.2
38 silly placeDep ROOT tar@7.5.13 OK for: supabase@2.93.0 want: 7.5.13
39 silly fetch manifest cmd-shim@^8.0.0
40 silly packumentCache full:https://registry.npmjs.org/cmd-shim cache-miss
41 silly fetch manifest proc-log@^6.0.0
42 silly packumentCache full:https://registry.npmjs.org/proc-log cache-miss
43 silly fetch manifest read-cmd-shim@^6.0.0
44 silly packumentCache full:https://registry.npmjs.org/read-cmd-shim cache-miss
45 silly fetch manifest write-file-atomic@^7.0.0
46 silly packumentCache full:https://registry.npmjs.org/write-file-atomic cache-miss
47 silly fetch manifest npm-normalize-package-bin@^5.0.0
48 silly packumentCache full:https://registry.npmjs.org/npm-normalize-package-bin cache-miss
49 silly fetch manifest debug@^4.3.4
50 silly packumentCache full:https://registry.npmjs.org/debug cache-miss
51 silly fetch manifest agent-base@9.0.0
52 silly packumentCache full:https://registry.npmjs.org/agent-base cache-miss
53 http fetch GET 200 https://registry.npmjs.org/read-cmd-shim 356ms (cache miss)
54 silly packumentCache full:https://registry.npmjs.org/read-cmd-shim set size:undefined disposed:false
55 silly fetch manifest data-uri-to-buffer@^4.0.0
56 silly packumentCache full:https://registry.npmjs.org/data-uri-to-buffer cache-miss
57 http fetch GET 200 https://registry.npmjs.org/proc-log 358ms (cache miss)
58 silly packumentCache full:https://registry.npmjs.org/proc-log set size:undefined disposed:false
59 silly fetch manifest fetch-blob@^3.1.4
60 silly packumentCache full:https://registry.npmjs.org/fetch-blob cache-miss
61 http fetch GET 200 https://registry.npmjs.org/cmd-shim 365ms (cache miss)
62 silly packumentCache full:https://registry.npmjs.org/cmd-shim set size:undefined disposed:false
63 silly fetch manifest formdata-polyfill@^4.0.10
64 silly packumentCache full:https://registry.npmjs.org/formdata-polyfill cache-miss
65 http fetch GET 200 https://registry.npmjs.org/data-uri-to-buffer 71ms (cache miss)
66 silly packumentCache full:https://registry.npmjs.org/data-uri-to-buffer set size:undefined disposed:false
67 silly fetch manifest @isaacs/fs-minipass@^4.0.0
68 silly packumentCache full:https://registry.npmjs.org/@isaacs%2ffs-minipass cache-miss
69 http fetch GET 200 https://registry.npmjs.org/agent-base 448ms (cache miss)
70 silly packumentCache full:https://registry.npmjs.org/agent-base set size:undefined disposed:false
71 silly fetch manifest chownr@^3.0.0
72 silly packumentCache full:https://registry.npmjs.org/chownr cache-miss
73 http fetch GET 200 https://registry.npmjs.org/debug 452ms (cache miss)
74 silly packumentCache full:https://registry.npmjs.org/debug set size:undefined disposed:false
75 silly fetch manifest minipass@^7.1.2
76 silly packumentCache full:https://registry.npmjs.org/minipass cache-miss
77 http fetch GET 200 https://registry.npmjs.org/chownr 46ms (cache miss)
78 silly packumentCache full:https://registry.npmjs.org/chownr set size:undefined disposed:false
79 silly fetch manifest minizlib@^3.1.0
80 silly packumentCache full:https://registry.npmjs.org/minizlib cache-miss
81 http fetch GET 200 https://registry.npmjs.org/minipass 53ms (cache miss)
82 silly packumentCache full:https://registry.npmjs.org/minipass set size:undefined disposed:false
83 silly fetch manifest yallist@^5.0.0
84 silly packumentCache full:https://registry.npmjs.org/yallist cache-miss
85 http fetch GET 200 https://registry.npmjs.org/npm-normalize-package-bin 671ms (cache miss)
86 silly packumentCache full:https://registry.npmjs.org/npm-normalize-package-bin set size:undefined disposed:false
87 http fetch GET 200 https://registry.npmjs.org/formdata-polyfill 312ms (cache miss)
88 silly packumentCache full:https://registry.npmjs.org/formdata-polyfill set size:undefined disposed:false
89 http fetch GET 200 https://registry.npmjs.org/minizlib 285ms (cache miss)
90 silly packumentCache full:https://registry.npmjs.org/minizlib set size:undefined disposed:false
91 http fetch GET 200 https://registry.npmjs.org/yallist 281ms (cache miss)
92 silly packumentCache full:https://registry.npmjs.org/yallist set size:undefined disposed:false
93 http fetch GET 200 https://registry.npmjs.org/write-file-atomic 839ms (cache miss)
94 silly packumentCache full:https://registry.npmjs.org/write-file-atomic set size:undefined disposed:false
95 http fetch GET 200 https://registry.npmjs.org/@isaacs%2ffs-minipass 700ms (cache miss)
96 silly packumentCache full:https://registry.npmjs.org/@isaacs%2ffs-minipass set size:undefined disposed:false
97 http fetch GET 200 https://registry.npmjs.org/fetch-blob 811ms (cache miss)
98 silly packumentCache full:https://registry.npmjs.org/fetch-blob set size:undefined disposed:false
99 silly placeDep ROOT cmd-shim@8.0.0 OK for: bin-links@6.0.0 want: ^8.0.0
100 silly placeDep ROOT npm-normalize-package-bin@5.0.0 OK for: bin-links@6.0.0 want: ^5.0.0
101 silly placeDep ROOT proc-log@6.1.0 OK for: bin-links@6.0.0 want: ^6.0.0
102 silly placeDep ROOT read-cmd-shim@6.0.0 OK for: bin-links@6.0.0 want: ^6.0.0
103 silly placeDep ROOT write-file-atomic@7.0.1 OK for: bin-links@6.0.0 want: ^7.0.0
104 silly fetch manifest signal-exit@^4.0.1
105 silly packumentCache full:https://registry.npmjs.org/signal-exit cache-miss
106 http fetch GET 200 https://registry.npmjs.org/signal-exit 56ms (cache miss)
107 silly packumentCache full:https://registry.npmjs.org/signal-exit set size:undefined disposed:false
108 silly placeDep ROOT agent-base@9.0.0 OK for: https-proxy-agent@9.0.0 want: 9.0.0
109 silly placeDep ROOT debug@4.4.3 OK for: https-proxy-agent@9.0.0 want: ^4.3.4
110 silly fetch manifest ms@^2.1.3
111 silly packumentCache full:https://registry.npmjs.org/ms cache-miss
112 http fetch GET 200 https://registry.npmjs.org/ms 301ms (cache miss)
113 silly packumentCache full:https://registry.npmjs.org/ms set size:undefined disposed:false
114 silly placeDep ROOT ms@2.1.3 OK for: debug@4.4.3 want: ^2.1.3
115 silly placeDep ROOT data-uri-to-buffer@4.0.1 OK for: node-fetch@3.3.2 want: ^4.0.0
116 silly placeDep ROOT fetch-blob@3.2.0 OK for: node-fetch@3.3.2 want: ^3.1.4
117 silly placeDep ROOT formdata-polyfill@4.0.10 OK for: node-fetch@3.3.2 want: ^4.0.10
118 silly fetch manifest node-domexception@^1.0.0
119 silly packumentCache full:https://registry.npmjs.org/node-domexception cache-miss
120 silly fetch manifest web-streams-polyfill@^3.0.3
121 silly packumentCache full:https://registry.npmjs.org/web-streams-polyfill cache-miss
122 http fetch GET 200 https://registry.npmjs.org/web-streams-polyfill 292ms (cache miss)
123 silly packumentCache full:https://registry.npmjs.org/web-streams-polyfill set size:undefined disposed:false
124 http fetch GET 200 https://registry.npmjs.org/node-domexception 296ms (cache miss)
125 silly packumentCache full:https://registry.npmjs.org/node-domexception set size:undefined disposed:false
126 silly placeDep ROOT node-domexception@1.0.0 OK for: fetch-blob@3.2.0 want: ^1.0.0
127 silly placeDep ROOT web-streams-polyfill@3.3.3 OK for: fetch-blob@3.2.0 want: ^3.0.3
128 silly placeDep ROOT @isaacs/fs-minipass@4.0.1 OK for: tar@7.5.13 want: ^4.0.0
129 silly placeDep ROOT chownr@3.0.0 OK for: tar@7.5.13 want: ^3.0.0
130 silly placeDep ROOT minipass@7.1.3 OK for: tar@7.5.13 want: ^7.1.2
131 silly placeDep ROOT minizlib@3.1.0 OK for: tar@7.5.13 want: ^3.1.0
132 silly placeDep ROOT yallist@5.0.0 OK for: tar@7.5.13 want: ^5.0.0
133 silly fetch manifest minipass@^7.0.4
134 silly packumentCache full:https://registry.npmjs.org/minipass cache-miss
135 http cache https://registry.npmjs.org/minipass 7ms (cache hit)
136 silly packumentCache full:https://registry.npmjs.org/minipass set size:276925 disposed:false
137 silly placeDep ROOT signal-exit@4.1.0 OK for: write-file-atomic@7.0.1 want: ^4.0.1
138 silly reify moves {}
139 silly audit bulk request {
139 silly audit   '@babel/runtime': [ '7.25.9' ],
139 silly audit   '@emnapi/runtime': [ '1.3.1' ],
139 silly audit   '@img/sharp-darwin-arm64': [ '0.33.5' ],
139 silly audit   '@img/sharp-darwin-x64': [ '0.33.5' ],
139 silly audit   '@img/sharp-libvips-darwin-arm64': [ '1.0.4' ],
139 silly audit   '@img/sharp-libvips-darwin-x64': [ '1.0.4' ],
139 silly audit   '@img/sharp-libvips-linux-arm': [ '1.0.5' ],
139 silly audit   '@img/sharp-libvips-linux-arm64': [ '1.0.4' ],
139 silly audit   '@img/sharp-libvips-linux-s390x': [ '1.0.4' ],
139 silly audit   '@img/sharp-libvips-linux-x64': [ '1.0.4' ],
139 silly audit   '@img/sharp-libvips-linuxmusl-arm64': [ '1.0.4' ],
139 silly audit   '@img/sharp-libvips-linuxmusl-x64': [ '1.0.4' ],
139 silly audit   '@img/sharp-linux-arm': [ '0.33.5' ],
139 silly audit   '@img/sharp-linux-arm64': [ '0.33.5' ],
139 silly audit   '@img/sharp-linux-s390x': [ '0.33.5' ],
139 silly audit   '@img/sharp-linux-x64': [ '0.33.5' ],
139 silly audit   '@img/sharp-linuxmusl-arm64': [ '0.33.5' ],
139 silly audit   '@img/sharp-linuxmusl-x64': [ '0.33.5' ],
139 silly audit   '@img/sharp-wasm32': [ '0.33.5' ],
139 silly audit   '@img/sharp-win32-ia32': [ '0.33.5' ],
139 silly audit   '@img/sharp-win32-x64': [ '0.33.5' ],
139 silly audit   '@jridgewell/sourcemap-codec': [ '1.5.0' ],
139 silly audit   '@next/env': [ '14.2.16' ],
139 silly audit   '@next/swc-darwin-arm64': [ '14.2.16' ],
139 silly audit   '@next/swc-darwin-x64': [ '14.2.16' ],
139 silly audit   '@next/swc-linux-arm64-gnu': [ '14.2.16' ],
139 silly audit   '@next/swc-linux-arm64-musl': [ '14.2.16' ],
139 silly audit   '@next/swc-linux-x64-gnu': [ '14.2.16' ],
139 silly audit   '@next/swc-linux-x64-musl': [ '14.2.16' ],
139 silly audit   '@next/swc-win32-arm64-msvc': [ '14.2.16' ],
139 silly audit   '@next/swc-win32-ia32-msvc': [ '14.2.16' ],
139 silly audit   '@next/swc-win32-x64-msvc': [ '14.2.16' ],
139 silly audit   '@popperjs/core': [ '2.11.8' ],
139 silly audit   '@supabase/auth-js': [ '2.104.0' ],
139 silly audit   '@supabase/functions-js': [ '2.104.0' ],
139 silly audit   '@supabase/phoenix': [ '0.4.0' ],
139 silly audit   '@supabase/postgrest-js': [ '2.104.0' ],
139 silly audit   '@supabase/realtime-js': [ '2.104.0' ],
139 silly audit   '@supabase/ssr': [ '0.10.2' ],
139 silly audit   '@supabase/storage-js': [ '2.104.0' ],
139 silly audit   '@supabase/supabase-js': [ '2.104.0' ],
139 silly audit   '@swc/counter': [ '0.1.3' ],
139 silly audit   '@swc/helpers': [ '0.5.5' ],
139 silly audit   '@types/js-cookie': [ '2.2.7' ],
139 silly audit   '@types/node': [ '20.16.15' ],
139 silly audit   '@types/prop-types': [ '15.7.13' ],
139 silly audit   '@types/react': [ '18.3.12' ],
139 silly audit   '@types/react-dom': [ '18.3.1' ],
139 silly audit   '@types/react-modal-video': [ '1.2.3' ],
139 silly audit   '@types/ws': [ '8.18.1' ],
139 silly audit   '@xobotyi/scrollbar-width': [ '1.9.5' ],
139 silly audit   'animate.css': [ '4.1.1' ],
139 silly audit   bootstrap: [ '5.3.3' ],
139 silly audit   busboy: [ '1.6.0' ],
139 silly audit   'caniuse-lite': [ '1.0.30001669' ],
139 silly audit   'client-only': [ '0.0.1' ],
139 silly audit   color: [ '4.2.3' ],
139 silly audit   'color-convert': [ '2.0.1' ],
139 silly audit   'color-name': [ '1.1.4' ],
139 silly audit   'color-string': [ '1.9.1' ],
139 silly audit   cookie: [ '1.1.1' ],
139 silly audit   'copy-to-clipboard': [ '3.3.3' ],
139 silly audit   'core-js': [ '3.38.1' ],
139 silly audit   'countup.js': [ '2.8.0' ],
139 silly audit   'css-in-js-utils': [ '3.1.0' ],
139 silly audit   'css-tree': [ '1.1.3' ],
139 silly audit   csstype: [ '3.1.3' ],
139 silly audit   'detect-libc': [ '2.0.3' ],
139 silly audit   'dom-helpers': [ '5.2.1' ],
139 silly audit   'error-stack-parser': [ '2.1.4' ],
139 silly audit   exenv: [ '1.2.2' ],
139 silly audit   'fast-deep-equal': [ '3.1.3' ],
139 silly audit   'fast-shallow-equal': [ '1.0.0' ],
139 silly audit   'fastest-stable-stringify': [ '2.0.2' ],
139 silly audit   'graceful-fs': [ '4.2.11' ],
139 silly audit   gsap: [ '3.12.5' ],
139 silly audit   'hyphenate-style-name': [ '1.1.0' ],
139 silly audit   'iceberg-js': [ '0.8.1' ],
139 silly audit   'inline-style-prefixer': [ '7.0.1' ],
139 silly audit   'is-arrayish': [ '0.3.2' ],
139 silly audit   'js-cookie': [ '2.2.1' ],
139 silly audit   'js-tokens': [ '4.0.0' ],
139 silly audit   'loose-envify': [ '1.4.0' ],
139 silly audit   'mdn-data': [ '2.0.14' ],
139 silly audit   'nano-css': [ '5.6.2' ],
139 silly audit   nanoid: [ '3.3.7' ],
139 silly audit   next: [ '14.2.16' ],
139 silly audit   'object-assign': [ '4.1.1' ],
139 silly audit   picocolors: [ '1.1.1' ],
139 silly audit   postcss: [ '8.4.31' ],
139 silly audit   'prop-types': [ '15.8.1' ],
139 silly audit   react: [ '18.3.1' ],
139 silly audit   'react-18-image-lightbox': [ '5.1.4' ],
139 silly audit   'react-countup': [ '6.5.3' ],
139 silly audit   'react-dom': [ '18.3.1' ],
139 silly audit   'react-intersection-observer': [ '9.13.1' ],
139 silly audit   'react-is': [ '16.13.1' ],
139 silly audit   'react-lifecycles-compat': [ '3.0.4' ],
139 silly audit   'react-modal': [ '3.16.1' ],
139 silly audit   'react-modal-video': [ '2.0.2' ],
139 silly audit   'react-transition-group': [ '4.4.5' ],
139 silly audit   'react-universal-interface': [ '0.6.2' ],
139 silly audit   'react-use': [ '17.5.1' ],
139 silly audit   'regenerator-runtime': [ '0.14.1' ],
139 silly audit   'resize-observer-polyfill': [ '1.5.1' ],
139 silly audit   'rtl-css-js': [ '1.16.1' ],
139 silly audit   scheduler: [ '0.23.2' ],
139 silly audit   screenfull: [ '5.2.0' ],
139 silly audit   semver: [ '7.6.3' ],
139 silly audit   'set-harmonic-interval': [ '1.0.1' ],
139 silly audit   sharp: [ '0.33.5' ],
139 silly audit   'simple-swizzle': [ '0.2.2' ],
139 silly audit   'source-map': [ '0.6.1', '0.5.6' ],
139 silly audit   'source-map-js': [ '1.2.1' ],
139 silly audit   'stack-generator': [ '2.0.10' ],
139 silly audit   stackframe: [ '1.3.4' ],
139 silly audit   'stacktrace-gps': [ '3.1.2' ],
139 silly audit   'stacktrace-js': [ '2.0.2' ],
139 silly audit   streamsearch: [ '1.1.0' ],
139 silly audit   'styled-jsx': [ '5.1.1' ],
139 silly audit   stylis: [ '4.3.4' ],
139 silly audit   swiper: [ '11.1.14' ],
139 silly audit   'throttle-debounce': [ '3.0.1' ],
139 silly audit   'toggle-selection': [ '1.0.6' ],
139 silly audit   'ts-easing': [ '0.2.0' ],
139 silly audit   tslib: [ '2.8.1' ],
139 silly audit   typescript: [ '5.6.3' ],
139 silly audit   'undici-types': [ '6.19.8' ],
139 silly audit   warning: [ '4.0.3' ],
139 silly audit   wowjs: [ '1.1.3' ],
139 silly audit   ws: [ '8.20.0' ],
139 silly audit   supabase: [ '2.93.0' ],
139 silly audit   'bin-links': [ '6.0.0' ],
139 silly audit   'https-proxy-agent': [ '9.0.0' ],
139 silly audit   'node-fetch': [ '3.3.2' ],
139 silly audit   tar: [ '7.5.13' ],
139 silly audit   'cmd-shim': [ '8.0.0' ],
139 silly audit   'npm-normalize-package-bin': [ '5.0.0' ],
139 silly audit   'proc-log': [ '6.1.0' ],
139 silly audit   'read-cmd-shim': [ '6.0.0' ],
139 silly audit   'write-file-atomic': [ '7.0.1' ],
139 silly audit   'agent-base': [ '9.0.0' ],
139 silly audit   debug: [ '4.4.3' ],
139 silly audit   ms: [ '2.1.3' ],
139 silly audit   'data-uri-to-buffer': [ '4.0.1' ],
139 silly audit   'fetch-blob': [ '3.2.0' ],
139 silly audit   'formdata-polyfill': [ '4.0.10' ],
139 silly audit   'node-domexception': [ '1.0.0' ],
139 silly audit   'web-streams-polyfill': [ '3.3.3' ],
139 silly audit   '@isaacs/fs-minipass': [ '4.0.1' ],
139 silly audit   chownr: [ '3.0.0' ],
139 silly audit   minipass: [ '7.1.3' ],
139 silly audit   minizlib: [ '3.1.0' ],
139 silly audit   yallist: [ '5.0.0' ],
139 silly audit   'signal-exit': [ '4.1.0' ]
139 silly audit }
140 http cache signal-exit@https://registry.npmjs.org/signal-exit/-/signal-exit-4.1.0.tgz 0ms (cache hit)
141 http cache yallist@https://registry.npmjs.org/yallist/-/yallist-5.0.0.tgz 0ms (cache hit)
142 http cache chownr@https://registry.npmjs.org/chownr/-/chownr-3.0.0.tgz 0ms (cache hit)
143 http cache minizlib@https://registry.npmjs.org/minizlib/-/minizlib-3.1.0.tgz 0ms (cache hit)
144 http cache @isaacs/fs-minipass@https://registry.npmjs.org/@isaacs/fs-minipass/-/fs-minipass-4.0.1.tgz 0ms (cache hit)
145 http cache web-streams-polyfill@https://registry.npmjs.org/web-streams-polyfill/-/web-streams-polyfill-3.3.3.tgz 0ms (cache hit)
146 http cache minipass@https://registry.npmjs.org/minipass/-/minipass-7.1.3.tgz 0ms (cache hit)
147 http cache formdata-polyfill@https://registry.npmjs.org/formdata-polyfill/-/formdata-polyfill-4.0.10.tgz 0ms (cache hit)
148 http cache node-domexception@https://registry.npmjs.org/node-domexception/-/node-domexception-1.0.0.tgz 0ms (cache hit)
149 http cache data-uri-to-buffer@https://registry.npmjs.org/data-uri-to-buffer/-/data-uri-to-buffer-4.0.1.tgz 0ms (cache hit)
150 http cache ms@https://registry.npmjs.org/ms/-/ms-2.1.3.tgz 0ms (cache hit)
151 http cache debug@https://registry.npmjs.org/debug/-/debug-4.4.3.tgz 0ms (cache hit)
152 http cache fetch-blob@https://registry.npmjs.org/fetch-blob/-/fetch-blob-3.2.0.tgz 0ms (cache hit)
153 http cache write-file-atomic@https://registry.npmjs.org/write-file-atomic/-/write-file-atomic-7.0.1.tgz 0ms (cache hit)
154 http cache npm-normalize-package-bin@https://registry.npmjs.org/npm-normalize-package-bin/-/npm-normalize-package-bin-5.0.0.tgz 0ms (cache hit)
155 http cache read-cmd-shim@https://registry.npmjs.org/read-cmd-shim/-/read-cmd-shim-6.0.0.tgz 0ms (cache hit)
156 http cache agent-base@https://registry.npmjs.org/agent-base/-/agent-base-9.0.0.tgz 0ms (cache hit)
157 http cache proc-log@https://registry.npmjs.org/proc-log/-/proc-log-6.1.0.tgz 0ms (cache hit)
158 http cache cmd-shim@https://registry.npmjs.org/cmd-shim/-/cmd-shim-8.0.0.tgz 0ms (cache hit)
159 http cache tar@https://registry.npmjs.org/tar/-/tar-7.5.13.tgz 0ms (cache hit)
160 http cache node-fetch@https://registry.npmjs.org/node-fetch/-/node-fetch-3.3.2.tgz 0ms (cache hit)
161 silly tarball no local data for yallist@https://registry.npmjs.org/yallist/-/yallist-5.0.0.tgz. Extracting by manifest.
162 silly tarball no local data for signal-exit@https://registry.npmjs.org/signal-exit/-/signal-exit-4.1.0.tgz. Extracting by manifest.
163 silly tarball no local data for chownr@https://registry.npmjs.org/chownr/-/chownr-3.0.0.tgz. Extracting by manifest.
164 http cache supabase@https://registry.npmjs.org/supabase/-/supabase-2.93.0.tgz 0ms (cache hit)
165 silly tarball no local data for minizlib@https://registry.npmjs.org/minizlib/-/minizlib-3.1.0.tgz. Extracting by manifest.
166 http cache bin-links@https://registry.npmjs.org/bin-links/-/bin-links-6.0.0.tgz 0ms (cache hit)
167 silly tarball no local data for @isaacs/fs-minipass@https://registry.npmjs.org/@isaacs/fs-minipass/-/fs-minipass-4.0.1.tgz. Extracting by manifest.
168 http cache https-proxy-agent@https://registry.npmjs.org/https-proxy-agent/-/https-proxy-agent-9.0.0.tgz 0ms (cache hit)
169 silly tarball no local data for web-streams-polyfill@https://registry.npmjs.org/web-streams-polyfill/-/web-streams-polyfill-3.3.3.tgz. Extracting by manifest.
170 silly tarball no local data for minipass@https://registry.npmjs.org/minipass/-/minipass-7.1.3.tgz. Extracting by manifest.
171 silly tarball no local data for node-domexception@https://registry.npmjs.org/node-domexception/-/node-domexception-1.0.0.tgz. Extracting by manifest.
172 silly tarball no local data for formdata-polyfill@https://registry.npmjs.org/formdata-polyfill/-/formdata-polyfill-4.0.10.tgz. Extracting by manifest.
173 silly tarball no local data for data-uri-to-buffer@https://registry.npmjs.org/data-uri-to-buffer/-/data-uri-to-buffer-4.0.1.tgz. Extracting by manifest.
174 silly tarball no local data for ms@https://registry.npmjs.org/ms/-/ms-2.1.3.tgz. Extracting by manifest.
175 silly tarball no local data for fetch-blob@https://registry.npmjs.org/fetch-blob/-/fetch-blob-3.2.0.tgz. Extracting by manifest.
176 silly tarball no local data for debug@https://registry.npmjs.org/debug/-/debug-4.4.3.tgz. Extracting by manifest.
177 silly tarball no local data for write-file-atomic@https://registry.npmjs.org/write-file-atomic/-/write-file-atomic-7.0.1.tgz. Extracting by manifest.
178 silly tarball no local data for npm-normalize-package-bin@https://registry.npmjs.org/npm-normalize-package-bin/-/npm-normalize-package-bin-5.0.0.tgz. Extracting by manifest.
179 silly tarball no local data for read-cmd-shim@https://registry.npmjs.org/read-cmd-shim/-/read-cmd-shim-6.0.0.tgz. Extracting by manifest.
180 silly tarball no local data for agent-base@https://registry.npmjs.org/agent-base/-/agent-base-9.0.0.tgz. Extracting by manifest.
181 silly tarball no local data for proc-log@https://registry.npmjs.org/proc-log/-/proc-log-6.1.0.tgz. Extracting by manifest.
182 silly tarball no local data for cmd-shim@https://registry.npmjs.org/cmd-shim/-/cmd-shim-8.0.0.tgz. Extracting by manifest.
183 silly tarball no local data for tar@https://registry.npmjs.org/tar/-/tar-7.5.13.tgz. Extracting by manifest.
184 silly tarball no local data for node-fetch@https://registry.npmjs.org/node-fetch/-/node-fetch-3.3.2.tgz. Extracting by manifest.
185 silly tarball no local data for supabase@https://registry.npmjs.org/supabase/-/supabase-2.93.0.tgz. Extracting by manifest.
186 silly tarball no local data for bin-links@https://registry.npmjs.org/bin-links/-/bin-links-6.0.0.tgz. Extracting by manifest.
187 silly tarball no local data for https-proxy-agent@https://registry.npmjs.org/https-proxy-agent/-/https-proxy-agent-9.0.0.tgz. Extracting by manifest.
188 http fetch GET 200 https://registry.npmjs.org/chownr/-/chownr-3.0.0.tgz 66ms (cache miss)
189 http fetch GET 200 https://registry.npmjs.org/yallist/-/yallist-5.0.0.tgz 67ms (cache miss)
190 http fetch GET 200 https://registry.npmjs.org/minizlib/-/minizlib-3.1.0.tgz 67ms (cache miss)
191 http fetch GET 200 https://registry.npmjs.org/signal-exit/-/signal-exit-4.1.0.tgz 69ms (cache miss)
192 http fetch GET 200 https://registry.npmjs.org/npm-normalize-package-bin/-/npm-normalize-package-bin-5.0.0.tgz 94ms (cache miss)
193 http fetch GET 200 https://registry.npmjs.org/read-cmd-shim/-/read-cmd-shim-6.0.0.tgz 126ms (cache miss)
194 http fetch GET 200 https://registry.npmjs.org/proc-log/-/proc-log-6.1.0.tgz 133ms (cache miss)
195 http fetch GET 200 https://registry.npmjs.org/agent-base/-/agent-base-9.0.0.tgz 138ms (cache miss)
196 http fetch GET 200 https://registry.npmjs.org/fetch-blob/-/fetch-blob-3.2.0.tgz 145ms (cache miss)
197 http fetch GET 200 https://registry.npmjs.org/node-domexception/-/node-domexception-1.0.0.tgz 154ms (cache miss)
198 warn deprecated node-domexception@1.0.0: Use your platform's native DOMException instead
199 http fetch GET 200 https://registry.npmjs.org/minipass/-/minipass-7.1.3.tgz 180ms (cache miss)
200 http fetch GET 200 https://registry.npmjs.org/cmd-shim/-/cmd-shim-8.0.0.tgz 187ms (cache miss)
201 http fetch GET 200 https://registry.npmjs.org/debug/-/debug-4.4.3.tgz 191ms (cache miss)
202 http fetch GET 200 https://registry.npmjs.org/bin-links/-/bin-links-6.0.0.tgz 193ms (cache miss)
203 http fetch GET 200 https://registry.npmjs.org/https-proxy-agent/-/https-proxy-agent-9.0.0.tgz 198ms (cache miss)
204 http fetch GET 200 https://registry.npmjs.org/supabase/-/supabase-2.93.0.tgz 283ms (cache miss)
205 http fetch GET 200 https://registry.npmjs.org/node-fetch/-/node-fetch-3.3.2.tgz 289ms (cache miss)
206 http fetch GET 200 https://registry.npmjs.org/@isaacs/fs-minipass/-/fs-minipass-4.0.1.tgz 314ms (cache miss)
207 http fetch POST 200 https://registry.npmjs.org/-/npm/v1/security/advisories/bulk 446ms
208 silly audit report {
208 silly audit report   '@babel/runtime': [
208 silly audit report     {
208 silly audit report       id: 1104000,
208 silly audit report       url: 'https://github.com/advisories/GHSA-968p-4wvh-cqc8',
208 silly audit report       title: 'Babel has inefficient RegExp complexity in generated code with .replace when transpiling named capturing groups',
208 silly audit report       severity: 'moderate',
208 silly audit report       vulnerable_versions: '<7.26.10',
208 silly audit report       cwe: [Array],
208 silly audit report       cvss: [Object]
208 silly audit report     }
208 silly audit report   ],
208 silly audit report   nanoid: [
208 silly audit report     {
208 silly audit report       id: 1109563,
208 silly audit report       url: 'https://github.com/advisories/GHSA-mwcw-c2x4-8c55',
208 silly audit report       title: 'Predictable results in nanoid generation when given non-integer values',
208 silly audit report       severity: 'moderate',
208 silly audit report       vulnerable_versions: '<3.3.8',
208 silly audit report       cwe: [Array],
208 silly audit report       cvss: [Object]
208 silly audit report     }
208 silly audit report   ],
208 silly audit report   next: [
208 silly audit report     {
208 silly audit report       id: 1101438,
208 silly audit report       url: 'https://github.com/advisories/GHSA-7m27-7ghc-44w9',
208 silly audit report       title: 'Next.js Allows a Denial of Service (DoS) with Server Actions',
208 silly audit report       severity: 'moderate',
208 silly audit report       vulnerable_versions: '>=14.0.0 <14.2.21',
208 silly audit report       cwe: [Array],
208 silly audit report       cvss: [Object]
208 silly audit report     },
208 silly audit report     {
208 silly audit report       id: 1105461,
208 silly audit report       url: 'https://github.com/advisories/GHSA-3h52-269p-cp9r',
208 silly audit report       title: 'Information exposure in Next.js dev server due to lack of origin verification',
208 silly audit report       severity: 'low',
208 silly audit report       vulnerable_versions: '>=13.0 <14.2.30',
208 silly audit report       cwe: [Array],
208 silly audit report       cvss: [Object]
208 silly audit report     },
208 silly audit report     {
208 silly audit report       id: 1111391,
208 silly audit report       url: 'https://github.com/advisories/GHSA-mwv6-3258-q52c',
208 silly audit report       title: 'Next Vulnerable to Denial of Service with Server Components',
208 silly audit report       severity: 'high',
208 silly audit report       vulnerable_versions: '>=13.3.0 <14.2.34',
208 silly audit report       cwe: [Array],
208 silly audit report       cvss: [Object]
208 silly audit report     },
208 silly audit report     {
208 silly audit report       id: 1107226,
208 silly audit report       url: 'https://github.com/advisories/GHSA-g5qg-72qw-gw5v',
208 silly audit report       title: 'Next.js Affected by Cache Key Confusion for Image Optimization API Routes',
208 silly audit report       severity: 'moderate',
208 silly audit report       vulnerable_versions: '>=0.9.9 <14.2.31',
208 silly audit report       cwe: [Array],
208 silly audit report       cvss: [Object]
208 silly audit report     },
208 silly audit report     {
208 silly audit report       id: 1107512,
208 silly audit report       url: 'https://github.com/advisories/GHSA-4342-x723-ch2f',
208 silly audit report       title: 'Next.js Improper Middleware Redirect Handling Leads to SSRF',
208 silly audit report       severity: 'moderate',
208 silly audit report       vulnerable_versions: '>=0.9.9 <14.2.32',
208 silly audit report       cwe: [Array],
208 silly audit report       cvss: [Object]
208 silly audit report     },
208 silly audit report     {
208 silly audit report       id: 1107513,
208 silly audit report       url: 'https://github.com/advisories/GHSA-xv57-4mr9-wg8v',
208 silly audit report       title: 'Next.js Content Injection Vulnerability for Image Optimization',
208 silly audit report       severity: 'moderate',
208 silly audit report       vulnerable_versions: '>=0.9.9 <14.2.31',
208 silly audit report       cwe: [Array],
208 silly audit report       cvss: [Object]
208 silly audit report     },
208 silly audit report     {
208 silly audit report       id: 1112182,
208 silly audit report       url: 'https://github.com/advisories/GHSA-5j59-xgg2-r9c4',
208 silly audit report       title: 'Next has a Denial of Service with Server Components - Incomplete Fix Follow-Up',
208 silly audit report       severity: 'high',
208 silly audit report       vulnerable_versions: '>=13.3.1-canary.0 <14.2.35',
208 silly audit report       cwe: [Array],
208 silly audit report       cvss: [Object]
208 silly audit report     },
208 silly audit report     {
208 silly audit report       id: 1108291,
208 silly audit report       url: 'https://github.com/advisories/GHSA-qpjv-v59x-3qc4',
208 silly audit report       title: 'Next.js Race Condition to Cache Poisoning',
208 silly audit report       severity: 'low',
208 silly audit report       vulnerable_versions: '>=0.9.9 <14.2.24',
208 silly audit report       cwe: [Array],
208 silly audit report       cvss: [Object]
208 silly audit report     },
208 silly audit report     {
208 silly audit report       id: 1112593,
208 silly audit report       url: 'https://github.com/advisories/GHSA-9g9p-9gw9-jx7f',
208 silly audit report       title: 'Next.js self-hosted applications vulnerable to DoS via Image Optimizer remotePatterns configuration',
208 silly audit report       severity: 'moderate',
208 silly audit report       vulnerable_versions: '>=10.0.0 <15.5.10',
208 silly audit report       cwe: [Array],
208 silly audit report       cvss: [Object]
208 silly audit report     },
208 silly audit report     {
208 silly audit report       id: 1112653,
208 silly audit report       url: 'https://github.com/advisories/GHSA-h25m-26qc-wcjf',
208 silly audit report       title: 'Next.js HTTP request deserialization can lead to DoS when using insecure React Server Components',
208 silly audit report       severity: 'high',
208 silly audit report       vulnerable_versions: '>=13.0.0 <15.0.8',
208 silly audit report       cwe: [Array],
208 silly audit report       cvss: [Object]
208 silly audit report     },
208 silly audit report     {
208 silly audit report       id: 1113689,
208 silly audit report       url: 'https://github.com/advisories/GHSA-f82v-jwr5-mffw',
208 silly audit report       title: 'Authorization Bypass in Next.js Middleware',
208 silly audit report       severity: 'critical',
208 silly audit report       vulnerable_versions: '>=14.0.0 <14.2.25',
208 silly audit report       cwe: [Array],
208 silly audit report       cvss: [Object]
208 silly audit report     },
208 silly audit report     {
208 silly audit report       id: 1114897,
208 silly audit report       url: 'https://github.com/advisories/GHSA-ggv3-7p47-pfv8',
208 silly audit report       title: 'Next.js: HTTP request smuggling in rewrites',
208 silly audit report       severity: 'moderate',
208 silly audit report       vulnerable_versions: '>=9.5.0 <15.5.13',
208 silly audit report       cwe: [Array],
208 silly audit report       cvss: [Object]
208 silly audit report     },
208 silly audit report     {
208 silly audit report       id: 1114940,
208 silly audit report       url: 'https://github.com/advisories/GHSA-3x4c-7xq6-9pq8',
208 silly audit report       title: 'Next.js: Unbounded next/image disk cache growth can exhaust storage',
208 silly audit report       severity: 'moderate',
208 silly audit report       vulnerable_versions: '>=10.0.0 <15.5.14',
208 silly audit report       cwe: [Array],
208 silly audit report       cvss: [Object]
208 silly audit report     },
208 silly audit report     {
208 silly audit report       id: 1116376,
208 silly audit report       url: 'https://github.com/advisories/GHSA-q4gf-8mx6-v5v3',
208 silly audit report       title: 'Next.js has a Denial of Service with Server Components',
208 silly audit report       severity: 'high',
208 silly audit report       vulnerable_versions: '>=13.0.0 <15.5.15',
208 silly audit report       cwe: [Array],
208 silly audit report       cvss: [Object]
208 silly audit report     }
208 silly audit report   ],
208 silly audit report   swiper: [
208 silly audit report     {
208 silly audit report       id: 1113431,
208 silly audit report       url: 'https://github.com/advisories/GHSA-hmx5-qpq5-p643',
208 silly audit report       title: 'Prototype pollution in swiper',
208 silly audit report       severity: 'critical',
208 silly audit report       vulnerable_versions: '>=6.5.1 <12.1.2',
208 silly audit report       cwe: [Array],
208 silly audit report       cvss: [Object]
208 silly audit report     }
208 silly audit report   ]
208 silly audit report }
209 silly packumentCache corgi:https://registry.npmjs.org/@babel%2fruntime cache-miss
210 silly packumentCache corgi:https://registry.npmjs.org/nanoid cache-miss
211 silly packumentCache corgi:https://registry.npmjs.org/next cache-miss
212 silly packumentCache corgi:https://registry.npmjs.org/swiper cache-miss
213 http cache https://registry.npmjs.org/@babel%2fruntime 19ms (cache hit)
214 silly packumentCache corgi:https://registry.npmjs.org/@babel%2fruntime set size:222229 disposed:false
215 http cache https://registry.npmjs.org/nanoid 21ms (cache hit)
216 silly packumentCache corgi:https://registry.npmjs.org/nanoid set size:146336 disposed:false
217 http fetch GET 200 https://registry.npmjs.org/write-file-atomic/-/write-file-atomic-7.0.1.tgz 468ms (cache miss)
218 http cache https://registry.npmjs.org/swiper 35ms (cache hit)
219 silly packumentCache corgi:https://registry.npmjs.org/swiper set size:495986 disposed:false
220 http fetch GET 200 https://registry.npmjs.org/ms/-/ms-2.1.3.tgz 480ms (cache miss)
221 http cache https://registry.npmjs.org/next 58ms (cache hit)
222 silly packumentCache corgi:https://registry.npmjs.org/next set size:24786150 disposed:false
223 silly packumentCache corgi:https://registry.npmjs.org/dom-helpers cache-miss
224 silly packumentCache corgi:https://registry.npmjs.org/react-transition-group cache-miss
225 silly packumentCache corgi:https://registry.npmjs.org/rtl-css-js cache-miss
226 http fetch GET 200 https://registry.npmjs.org/formdata-polyfill/-/formdata-polyfill-4.0.10.tgz 980ms (cache miss)
227 http cache https://registry.npmjs.org/dom-helpers 8ms (cache hit)
228 silly packumentCache corgi:https://registry.npmjs.org/dom-helpers set size:35093 disposed:false
229 http cache https://registry.npmjs.org/rtl-css-js 9ms (cache hit)
230 silly packumentCache corgi:https://registry.npmjs.org/rtl-css-js set size:36887 disposed:false
231 http cache https://registry.npmjs.org/react-transition-group 10ms (cache hit)
232 silly packumentCache corgi:https://registry.npmjs.org/react-transition-group set size:56614 disposed:false
233 silly packumentCache corgi:https://registry.npmjs.org/postcss cache-miss
234 http cache https://registry.npmjs.org/postcss 3ms (cache hit)
235 silly packumentCache corgi:https://registry.npmjs.org/postcss set size:340497 disposed:false
236 http fetch GET 200 https://registry.npmjs.org/tar/-/tar-7.5.13.tgz 1050ms (cache miss)
237 http fetch GET 200 https://registry.npmjs.org/web-streams-polyfill/-/web-streams-polyfill-3.3.3.tgz 1059ms (cache miss)
238 http fetch GET 200 https://registry.npmjs.org/data-uri-to-buffer/-/data-uri-to-buffer-4.0.1.tgz 1182ms (cache miss)
239 info run supabase@2.93.0 postinstall node_modules/supabase node scripts/postinstall.js
240 info run supabase@2.93.0 postinstall { code: 0, signal: null }
241 silly ADD node_modules/signal-exit
242 silly ADD node_modules/yallist
243 silly ADD node_modules/minizlib
244 silly ADD node_modules/minipass
245 silly ADD node_modules/chownr
246 silly ADD node_modules/@isaacs/fs-minipass
247 silly ADD node_modules/web-streams-polyfill
248 silly ADD node_modules/node-domexception
249 silly ADD node_modules/formdata-polyfill
250 silly ADD node_modules/fetch-blob
251 silly ADD node_modules/data-uri-to-buffer
252 silly ADD node_modules/ms
253 silly ADD node_modules/debug
254 silly ADD node_modules/agent-base
255 silly ADD node_modules/write-file-atomic
256 silly ADD node_modules/read-cmd-shim
257 silly ADD node_modules/proc-log
258 silly ADD node_modules/npm-normalize-package-bin
259 silly ADD node_modules/cmd-shim
260 silly ADD node_modules/tar
261 silly ADD node_modules/node-fetch
262 silly ADD node_modules/https-proxy-agent
263 silly ADD node_modules/bin-links
264 silly ADD node_modules/supabase
265 verbose cwd /Users/sahitsai/Downloads/nino-next-js-personal-portfolio-template-2025-08-02-04-43-30-utc/nino-nextjs-package
266 verbose os Darwin 25.3.0
267 verbose node v24.14.1
268 verbose npm  v11.11.0
269 verbose exit 0
270 info ok
