0 verbose cli /usr/local/bin/node /usr/local/bin/npm
1 info using npm@11.11.0
2 info using node@v24.14.1
3 silly config load:file:/usr/local/lib/node_modules/npm/npmrc
4 silly config load:file:/Users/sahitsai/Downloads/nino-next-js-personal-portfolio-template-2025-08-02-04-43-30-utc/nino-nextjs-package/.npmrc
5 silly config load:file:/Users/sahitsai/.npmrc
6 silly config load:file:/usr/local/etc/npmrc
7 verbose title npm install
8 verbose argv "install" "--cache" "./.npm-cache"
9 verbose logfile logs-max:10 dir:/Users/sahitsai/Downloads/nino-next-js-personal-portfolio-template-2025-08-02-04-43-30-utc/nino-nextjs-package/.npm-cache/_logs/2026-04-20T12_58_21_414Z-
10 verbose logfile /Users/sahitsai/Downloads/nino-next-js-personal-portfolio-template-2025-08-02-04-43-30-utc/nino-nextjs-package/.npm-cache/_logs/2026-04-20T12_58_21_414Z-debug-0.log
11 silly logfile done cleaning log files
12 silly packumentCache heap:4496293888 maxSize:1124073472 maxEntrySize:562036736
13 silly idealTree buildDeps
14 silly reify mark retired [
14 silly reify   '/Users/sahitsai/Downloads/nino-next-js-personal-portfolio-template-2025-08-02-04-43-30-utc/nino-nextjs-package/node_modules/gsap'
14 silly reify ]
15 silly reify mark retired [
15 silly reify   '/Users/sahitsai/Downloads/nino-next-js-personal-portfolio-template-2025-08-02-04-43-30-utc/nino-nextjs-package/node_modules/@types/node'
15 silly reify ]
16 silly reify moves {
16 silly reify   '/Users/sahitsai/Downloads/nino-next-js-personal-portfolio-template-2025-08-02-04-43-30-utc/nino-nextjs-package/node_modules/gsap': '/Users/sahitsai/Downloads/nino-next-js-personal-portfolio-template-2025-08-02-04-43-30-utc/nino-nextjs-package/node_modules/.gsap-BhtZpuUt',
16 silly reify   '/Users/sahitsai/Downloads/nino-next-js-personal-portfolio-template-2025-08-02-04-43-30-utc/nino-nextjs-package/node_modules/@types/node': '/Users/sahitsai/Downloads/nino-next-js-personal-portfolio-template-2025-08-02-04-43-30-utc/nino-nextjs-package/node_modules/@types/.node-kCuY3PWA'
16 silly reify }
17 silly audit bulk request {
17 silly audit   '@babel/runtime': [ '7.25.9' ],
17 silly audit   '@emnapi/runtime': [ '1.3.1' ],
17 silly audit   '@img/sharp-darwin-arm64': [ '0.33.5' ],
17 silly audit   '@img/sharp-darwin-x64': [ '0.33.5' ],
17 silly audit   '@img/sharp-libvips-darwin-arm64': [ '1.0.4' ],
17 silly audit   '@img/sharp-libvips-darwin-x64': [ '1.0.4' ],
17 silly audit   '@img/sharp-libvips-linux-arm': [ '1.0.5' ],
17 silly audit   '@img/sharp-libvips-linux-arm64': [ '1.0.4' ],
17 silly audit   '@img/sharp-libvips-linux-s390x': [ '1.0.4' ],
17 silly audit   '@img/sharp-libvips-linux-x64': [ '1.0.4' ],
17 silly audit   '@img/sharp-libvips-linuxmusl-arm64': [ '1.0.4' ],
17 silly audit   '@img/sharp-libvips-linuxmusl-x64': [ '1.0.4' ],
17 silly audit   '@img/sharp-linux-arm': [ '0.33.5' ],
17 silly audit   '@img/sharp-linux-arm64': [ '0.33.5' ],
17 silly audit   '@img/sharp-linux-s390x': [ '0.33.5' ],
17 silly audit   '@img/sharp-linux-x64': [ '0.33.5' ],
17 silly audit   '@img/sharp-linuxmusl-arm64': [ '0.33.5' ],
17 silly audit   '@img/sharp-linuxmusl-x64': [ '0.33.5' ],
17 silly audit   '@img/sharp-wasm32': [ '0.33.5' ],
17 silly audit   '@img/sharp-win32-ia32': [ '0.33.5' ],
17 silly audit   '@img/sharp-win32-x64': [ '0.33.5' ],
17 silly audit   '@jridgewell/sourcemap-codec': [ '1.5.0' ],
17 silly audit   '@next/env': [ '14.2.16' ],
17 silly audit   '@next/swc-darwin-arm64': [ '14.2.16' ],
17 silly audit   '@next/swc-darwin-x64': [ '14.2.16' ],
17 silly audit   '@next/swc-linux-arm64-gnu': [ '14.2.16' ],
17 silly audit   '@next/swc-linux-arm64-musl': [ '14.2.16' ],
17 silly audit   '@next/swc-linux-x64-gnu': [ '14.2.16' ],
17 silly audit   '@next/swc-linux-x64-musl': [ '14.2.16' ],
17 silly audit   '@next/swc-win32-arm64-msvc': [ '14.2.16' ],
17 silly audit   '@next/swc-win32-ia32-msvc': [ '14.2.16' ],
17 silly audit   '@next/swc-win32-x64-msvc': [ '14.2.16' ],
17 silly audit   '@popperjs/core': [ '2.11.8' ],
17 silly audit   '@swc/counter': [ '0.1.3' ],
17 silly audit   '@swc/helpers': [ '0.5.5' ],
17 silly audit   '@types/js-cookie': [ '2.2.7' ],
17 silly audit   '@types/node': [ '20.16.15' ],
17 silly audit   '@types/prop-types': [ '15.7.13' ],
17 silly audit   '@types/react': [ '18.3.12' ],
17 silly audit   '@types/react-dom': [ '18.3.1' ],
17 silly audit   '@types/react-modal-video': [ '1.2.3' ],
17 silly audit   '@xobotyi/scrollbar-width': [ '1.9.5' ],
17 silly audit   'animate.css': [ '4.1.1' ],
17 silly audit   bootstrap: [ '5.3.3' ],
17 silly audit   busboy: [ '1.6.0' ],
17 silly audit   'caniuse-lite': [ '1.0.30001669' ],
17 silly audit   'client-only': [ '0.0.1' ],
17 silly audit   color: [ '4.2.3' ],
17 silly audit   'color-convert': [ '2.0.1' ],
17 silly audit   'color-name': [ '1.1.4' ],
17 silly audit   'color-string': [ '1.9.1' ],
17 silly audit   'copy-to-clipboard': [ '3.3.3' ],
17 silly audit   'core-js': [ '3.38.1' ],
17 silly audit   'countup.js': [ '2.8.0' ],
17 silly audit   'css-in-js-utils': [ '3.1.0' ],
17 silly audit   'css-tree': [ '1.1.3' ],
17 silly audit   csstype: [ '3.1.3' ],
17 silly audit   'detect-libc': [ '2.0.3' ],
17 silly audit   'dom-helpers': [ '5.2.1' ],
17 silly audit   'error-stack-parser': [ '2.1.4' ],
17 silly audit   exenv: [ '1.2.2' ],
17 silly audit   'fast-deep-equal': [ '3.1.3' ],
17 silly audit   'fast-shallow-equal': [ '1.0.0' ],
17 silly audit   'fastest-stable-stringify': [ '2.0.2' ],
17 silly audit   'graceful-fs': [ '4.2.11' ],
17 silly audit   gsap: [ '3.12.5' ],
17 silly audit   'hyphenate-style-name': [ '1.1.0' ],
17 silly audit   'inline-style-prefixer': [ '7.0.1' ],
17 silly audit   'is-arrayish': [ '0.3.2' ],
17 silly audit   'js-cookie': [ '2.2.1' ],
17 silly audit   'js-tokens': [ '4.0.0' ],
17 silly audit   'loose-envify': [ '1.4.0' ],
17 silly audit   'mdn-data': [ '2.0.14' ],
17 silly audit   'nano-css': [ '5.6.2' ],
17 silly audit   nanoid: [ '3.3.7' ],
17 silly audit   next: [ '14.2.16' ],
17 silly audit   'object-assign': [ '4.1.1' ],
17 silly audit   picocolors: [ '1.1.1' ],
17 silly audit   postcss: [ '8.4.31' ],
17 silly audit   'prop-types': [ '15.8.1' ],
17 silly audit   react: [ '18.3.1' ],
17 silly audit   'react-18-image-lightbox': [ '5.1.4' ],
17 silly audit   'react-countup': [ '6.5.3' ],
17 silly audit   'react-dom': [ '18.3.1' ],
17 silly audit   'react-intersection-observer': [ '9.13.1' ],
17 silly audit   'react-is': [ '16.13.1' ],
17 silly audit   'react-lifecycles-compat': [ '3.0.4' ],
17 silly audit   'react-modal': [ '3.16.1' ],
17 silly audit   'react-modal-video': [ '2.0.2' ],
17 silly audit   'react-transition-group': [ '4.4.5' ],
17 silly audit   'react-universal-interface': [ '0.6.2' ],
17 silly audit   'react-use': [ '17.5.1' ],
17 silly audit   'regenerator-runtime': [ '0.14.1' ],
17 silly audit   'resize-observer-polyfill': [ '1.5.1' ],
17 silly audit   'rtl-css-js': [ '1.16.1' ],
17 silly audit   scheduler: [ '0.23.2' ],
17 silly audit   screenfull: [ '5.2.0' ],
17 silly audit   semver: [ '7.6.3' ],
17 silly audit   'set-harmonic-interval': [ '1.0.1' ],
17 silly audit   sharp: [ '0.33.5' ],
17 silly audit   'simple-swizzle': [ '0.2.2' ],
17 silly audit   'source-map': [ '0.6.1', '0.5.6' ],
17 silly audit   'source-map-js': [ '1.2.1' ],
17 silly audit   'stack-generator': [ '2.0.10' ],
17 silly audit   stackframe: [ '1.3.4' ],
17 silly audit   'stacktrace-gps': [ '3.1.2' ],
17 silly audit   'stacktrace-js': [ '2.0.2' ],
17 silly audit   streamsearch: [ '1.1.0' ],
17 silly audit   'styled-jsx': [ '5.1.1' ],
17 silly audit   stylis: [ '4.3.4' ],
17 silly audit   swiper: [ '11.1.14' ],
17 silly audit   'throttle-debounce': [ '3.0.1' ],
17 silly audit   'toggle-selection': [ '1.0.6' ],
17 silly audit   'ts-easing': [ '0.2.0' ],
17 silly audit   tslib: [ '2.8.0' ],
17 silly audit   typescript: [ '5.6.3' ],
17 silly audit   'undici-types': [ '6.19.8' ],
17 silly audit   warning: [ '4.0.3' ],
17 silly audit   wowjs: [ '1.1.3' ]
17 silly audit }
18 http cache warning@https://registry.npmjs.org/warning/-/warning-4.0.3.tgz 0ms (cache hit)
19 http cache wowjs@https://registry.npmjs.org/wowjs/-/wowjs-1.1.3.tgz 0ms (cache hit)
20 http cache typescript@https://registry.npmjs.org/typescript/-/typescript-5.6.3.tgz 0ms (cache hit)
21 http cache undici-types@https://registry.npmjs.org/undici-types/-/undici-types-6.19.8.tgz 0ms (cache hit)
22 http cache tslib@https://registry.npmjs.org/tslib/-/tslib-2.8.0.tgz 0ms (cache hit)
23 http cache ts-easing@https://registry.npmjs.org/ts-easing/-/ts-easing-0.2.0.tgz 0ms (cache hit)
24 http cache toggle-selection@https://registry.npmjs.org/toggle-selection/-/toggle-selection-1.0.6.tgz 0ms (cache hit)
25 http cache throttle-debounce@https://registry.npmjs.org/throttle-debounce/-/throttle-debounce-3.0.1.tgz 0ms (cache hit)
26 http cache swiper@https://registry.npmjs.org/swiper/-/swiper-11.1.14.tgz 1ms (cache hit)
27 http cache stylis@https://registry.npmjs.org/stylis/-/stylis-4.3.4.tgz 0ms (cache hit)
28 http cache styled-jsx@https://registry.npmjs.org/styled-jsx/-/styled-jsx-5.1.1.tgz 0ms (cache hit)
29 http cache streamsearch@https://registry.npmjs.org/streamsearch/-/streamsearch-1.1.0.tgz 0ms (cache hit)
30 http cache stacktrace-js@https://registry.npmjs.org/stacktrace-js/-/stacktrace-js-2.0.2.tgz 0ms (cache hit)
31 http cache stackframe@https://registry.npmjs.org/stackframe/-/stackframe-1.3.4.tgz 0ms (cache hit)
32 http cache stacktrace-gps@https://registry.npmjs.org/stacktrace-gps/-/stacktrace-gps-3.1.2.tgz 0ms (cache hit)
33 http cache stack-generator@https://registry.npmjs.org/stack-generator/-/stack-generator-2.0.10.tgz 0ms (cache hit)
34 http cache source-map-js@https://registry.npmjs.org/source-map-js/-/source-map-js-1.2.1.tgz 0ms (cache hit)
35 http cache source-map@https://registry.npmjs.org/source-map/-/source-map-0.6.1.tgz 0ms (cache hit)
36 http cache sharp@https://registry.npmjs.org/sharp/-/sharp-0.33.5.tgz 0ms (cache hit)
37 http cache set-harmonic-interval@https://registry.npmjs.org/set-harmonic-interval/-/set-harmonic-interval-1.0.1.tgz 0ms (cache hit)
38 http cache semver@https://registry.npmjs.org/semver/-/semver-7.6.3.tgz 0ms (cache hit)
39 http cache simple-swizzle@https://registry.npmjs.org/simple-swizzle/-/simple-swizzle-0.2.2.tgz 0ms (cache hit)
40 http cache scheduler@https://registry.npmjs.org/scheduler/-/scheduler-0.23.2.tgz 0ms (cache hit)
41 http cache rtl-css-js@https://registry.npmjs.org/rtl-css-js/-/rtl-css-js-1.16.1.tgz 0ms (cache hit)
42 http cache screenfull@https://registry.npmjs.org/screenfull/-/screenfull-5.2.0.tgz 0ms (cache hit)
43 http cache regenerator-runtime@https://registry.npmjs.org/regenerator-runtime/-/regenerator-runtime-0.14.1.tgz 0ms (cache hit)
44 http cache react-use@https://registry.npmjs.org/react-use/-/react-use-17.5.1.tgz 0ms (cache hit)
45 http cache react-universal-interface@https://registry.npmjs.org/react-universal-interface/-/react-universal-interface-0.6.2.tgz 0ms (cache hit)
46 http cache resize-observer-polyfill@https://registry.npmjs.org/resize-observer-polyfill/-/resize-observer-polyfill-1.5.1.tgz 0ms (cache hit)
47 http cache react-modal-video@https://registry.npmjs.org/react-modal-video/-/react-modal-video-2.0.2.tgz 0ms (cache hit)
48 http cache react-modal@https://registry.npmjs.org/react-modal/-/react-modal-3.16.1.tgz 0ms (cache hit)
49 http cache react-transition-group@https://registry.npmjs.org/react-transition-group/-/react-transition-group-4.4.5.tgz 0ms (cache hit)
50 http cache react-is@https://registry.npmjs.org/react-is/-/react-is-16.13.1.tgz 0ms (cache hit)
51 http cache react-dom@https://registry.npmjs.org/react-dom/-/react-dom-18.3.1.tgz 0ms (cache hit)
52 http cache react-lifecycles-compat@https://registry.npmjs.org/react-lifecycles-compat/-/react-lifecycles-compat-3.0.4.tgz 0ms (cache hit)
53 http cache react-intersection-observer@https://registry.npmjs.org/react-intersection-observer/-/react-intersection-observer-9.13.1.tgz 0ms (cache hit)
54 http cache react-18-image-lightbox@https://registry.npmjs.org/react-18-image-lightbox/-/react-18-image-lightbox-5.1.4.tgz 0ms (cache hit)
55 http cache prop-types@https://registry.npmjs.org/prop-types/-/prop-types-15.8.1.tgz 0ms (cache hit)
56 http cache postcss@https://registry.npmjs.org/postcss/-/postcss-8.4.31.tgz 0ms (cache hit)
57 http cache react@https://registry.npmjs.org/react/-/react-18.3.1.tgz 0ms (cache hit)
58 http cache object-assign@https://registry.npmjs.org/object-assign/-/object-assign-4.1.1.tgz 0ms (cache hit)
59 http cache picocolors@https://registry.npmjs.org/picocolors/-/picocolors-1.1.1.tgz 0ms (cache hit)
60 http cache react-countup@https://registry.npmjs.org/react-countup/-/react-countup-6.5.3.tgz 0ms (cache hit)
61 http cache next@https://registry.npmjs.org/next/-/next-14.2.16.tgz 0ms (cache hit)
62 http cache nanoid@https://registry.npmjs.org/nanoid/-/nanoid-3.3.7.tgz 0ms (cache hit)
63 http cache nano-css@https://registry.npmjs.org/nano-css/-/nano-css-5.6.2.tgz 0ms (cache hit)
64 http cache loose-envify@https://registry.npmjs.org/loose-envify/-/loose-envify-1.4.0.tgz 0ms (cache hit)
65 http cache mdn-data@https://registry.npmjs.org/mdn-data/-/mdn-data-2.0.14.tgz 0ms (cache hit)
66 http cache js-tokens@https://registry.npmjs.org/js-tokens/-/js-tokens-4.0.0.tgz 0ms (cache hit)
67 http cache js-cookie@https://registry.npmjs.org/js-cookie/-/js-cookie-2.2.1.tgz 0ms (cache hit)
68 http cache is-arrayish@https://registry.npmjs.org/is-arrayish/-/is-arrayish-0.3.2.tgz 0ms (cache hit)
69 http cache inline-style-prefixer@https://registry.npmjs.org/inline-style-prefixer/-/inline-style-prefixer-7.0.1.tgz 0ms (cache hit)
70 http cache hyphenate-style-name@https://registry.npmjs.org/hyphenate-style-name/-/hyphenate-style-name-1.1.0.tgz 0ms (cache hit)
71 http cache graceful-fs@https://registry.npmjs.org/graceful-fs/-/graceful-fs-4.2.11.tgz 0ms (cache hit)
72 http cache fastest-stable-stringify@https://registry.npmjs.org/fastest-stable-stringify/-/fastest-stable-stringify-2.0.2.tgz 0ms (cache hit)
73 http cache fast-shallow-equal@https://registry.npmjs.org/fast-shallow-equal/-/fast-shallow-equal-1.0.0.tgz 0ms (cache hit)
74 http cache fast-deep-equal@https://registry.npmjs.org/fast-deep-equal/-/fast-deep-equal-3.1.3.tgz 0ms (cache hit)
75 http cache error-stack-parser@https://registry.npmjs.org/error-stack-parser/-/error-stack-parser-2.1.4.tgz 0ms (cache hit)
76 http cache exenv@https://registry.npmjs.org/exenv/-/exenv-1.2.2.tgz 0ms (cache hit)
77 http cache dom-helpers@https://registry.npmjs.org/dom-helpers/-/dom-helpers-5.2.1.tgz 0ms (cache hit)
78 http cache detect-libc@https://registry.npmjs.org/detect-libc/-/detect-libc-2.0.3.tgz 0ms (cache hit)
79 http cache css-tree@https://registry.npmjs.org/css-tree/-/css-tree-1.1.3.tgz 0ms (cache hit)
80 http cache countup.js@https://registry.npmjs.org/countup.js/-/countup.js-2.8.0.tgz 0ms (cache hit)
81 http cache core-js@https://registry.npmjs.org/core-js/-/core-js-3.38.1.tgz 0ms (cache hit)
82 http cache copy-to-clipboard@https://registry.npmjs.org/copy-to-clipboard/-/copy-to-clipboard-3.3.3.tgz 0ms (cache hit)
83 http cache color-string@https://registry.npmjs.org/color-string/-/color-string-1.9.1.tgz 0ms (cache hit)
84 http cache css-in-js-utils@https://registry.npmjs.org/css-in-js-utils/-/css-in-js-utils-3.1.0.tgz 0ms (cache hit)
85 http cache color-convert@https://registry.npmjs.org/color-convert/-/color-convert-2.0.1.tgz 0ms (cache hit)
86 http cache color-name@https://registry.npmjs.org/color-name/-/color-name-1.1.4.tgz 0ms (cache hit)
87 http cache color@https://registry.npmjs.org/color/-/color-4.2.3.tgz 0ms (cache hit)
88 http cache client-only@https://registry.npmjs.org/client-only/-/client-only-0.0.1.tgz 0ms (cache hit)
89 http cache caniuse-lite@https://registry.npmjs.org/caniuse-lite/-/caniuse-lite-1.0.30001669.tgz 0ms (cache hit)
90 http cache busboy@https://registry.npmjs.org/busboy/-/busboy-1.6.0.tgz 0ms (cache hit)
91 http cache bootstrap@https://registry.npmjs.org/bootstrap/-/bootstrap-5.3.3.tgz 0ms (cache hit)
92 http cache animate.css@https://registry.npmjs.org/animate.css/-/animate.css-4.1.1.tgz 0ms (cache hit)
93 http cache @xobotyi/scrollbar-width@https://registry.npmjs.org/@xobotyi/scrollbar-width/-/scrollbar-width-1.9.5.tgz 0ms (cache hit)
94 http cache @types/react-modal-video@https://registry.npmjs.org/@types/react-modal-video/-/react-modal-video-1.2.3.tgz 0ms (cache hit)
95 http cache @types/react@https://registry.npmjs.org/@types/react/-/react-18.3.12.tgz 0ms (cache hit)
96 http cache @types/prop-types@https://registry.npmjs.org/@types/prop-types/-/prop-types-15.7.13.tgz 0ms (cache hit)
97 http cache @types/js-cookie@https://registry.npmjs.org/@types/js-cookie/-/js-cookie-2.2.7.tgz 0ms (cache hit)
98 http cache @types/react-dom@https://registry.npmjs.org/@types/react-dom/-/react-dom-18.3.1.tgz 0ms (cache hit)
99 http cache csstype@https://registry.npmjs.org/csstype/-/csstype-3.1.3.tgz 0ms (cache hit)
100 http cache @swc/helpers@https://registry.npmjs.org/@swc/helpers/-/helpers-0.5.5.tgz 0ms (cache hit)
101 http cache @swc/counter@https://registry.npmjs.org/@swc/counter/-/counter-0.1.3.tgz 0ms (cache hit)
102 http cache @popperjs/core@https://registry.npmjs.org/@popperjs/core/-/core-2.11.8.tgz 0ms (cache hit)
103 http cache @img/sharp-libvips-darwin-arm64@https://registry.npmjs.org/@img/sharp-libvips-darwin-arm64/-/sharp-libvips-darwin-arm64-1.0.4.tgz 0ms (cache hit)
104 http cache @img/sharp-darwin-arm64@https://registry.npmjs.org/@img/sharp-darwin-arm64/-/sharp-darwin-arm64-0.33.5.tgz 0ms (cache hit)
105 http cache @next/swc-darwin-arm64@https://registry.npmjs.org/@next/swc-darwin-arm64/-/swc-darwin-arm64-14.2.16.tgz 0ms (cache hit)
106 http cache @jridgewell/sourcemap-codec@https://registry.npmjs.org/@jridgewell/sourcemap-codec/-/sourcemap-codec-1.5.0.tgz 0ms (cache hit)
107 http cache @types/node@https://registry.npmjs.org/@types/node/-/node-20.16.15.tgz 0ms (cache hit)
108 http cache @babel/runtime@https://registry.npmjs.org/@babel/runtime/-/runtime-7.25.9.tgz 0ms (cache hit)
109 http cache gsap@https://registry.npmjs.org/gsap/-/gsap-3.12.5.tgz 0ms (cache hit)
110 http cache source-map@https://registry.npmjs.org/source-map/-/source-map-0.5.6.tgz 0ms (cache hit)
111 http cache @next/env@https://registry.npmjs.org/@next/env/-/env-14.2.16.tgz 0ms (cache hit)
112 silly tarball no local data for warning@https://registry.npmjs.org/warning/-/warning-4.0.3.tgz. Extracting by manifest.
113 silly tarball no local data for wowjs@https://registry.npmjs.org/wowjs/-/wowjs-1.1.3.tgz. Extracting by manifest.
114 silly tarball no local data for typescript@https://registry.npmjs.org/typescript/-/typescript-5.6.3.tgz. Extracting by manifest.
115 silly tarball no local data for undici-types@https://registry.npmjs.org/undici-types/-/undici-types-6.19.8.tgz. Extracting by manifest.
116 silly tarball no local data for tslib@https://registry.npmjs.org/tslib/-/tslib-2.8.0.tgz. Extracting by manifest.
117 silly tarball no local data for ts-easing@https://registry.npmjs.org/ts-easing/-/ts-easing-0.2.0.tgz. Extracting by manifest.
118 silly tarball no local data for toggle-selection@https://registry.npmjs.org/toggle-selection/-/toggle-selection-1.0.6.tgz. Extracting by manifest.
119 silly tarball no local data for throttle-debounce@https://registry.npmjs.org/throttle-debounce/-/throttle-debounce-3.0.1.tgz. Extracting by manifest.
120 silly tarball no local data for swiper@https://registry.npmjs.org/swiper/-/swiper-11.1.14.tgz. Extracting by manifest.
121 silly tarball no local data for stylis@https://registry.npmjs.org/stylis/-/stylis-4.3.4.tgz. Extracting by manifest.
122 silly tarball no local data for styled-jsx@https://registry.npmjs.org/styled-jsx/-/styled-jsx-5.1.1.tgz. Extracting by manifest.
123 silly tarball no local data for streamsearch@https://registry.npmjs.org/streamsearch/-/streamsearch-1.1.0.tgz. Extracting by manifest.
124 silly tarball no local data for stacktrace-js@https://registry.npmjs.org/stacktrace-js/-/stacktrace-js-2.0.2.tgz. Extracting by manifest.
125 silly tarball no local data for stackframe@https://registry.npmjs.org/stackframe/-/stackframe-1.3.4.tgz. Extracting by manifest.
126 silly tarball no local data for stacktrace-gps@https://registry.npmjs.org/stacktrace-gps/-/stacktrace-gps-3.1.2.tgz. Extracting by manifest.
127 silly tarball no local data for stack-generator@https://registry.npmjs.org/stack-generator/-/stack-generator-2.0.10.tgz. Extracting by manifest.
128 silly tarball no local data for source-map-js@https://registry.npmjs.org/source-map-js/-/source-map-js-1.2.1.tgz. Extracting by manifest.
129 silly tarball no local data for source-map@https://registry.npmjs.org/source-map/-/source-map-0.6.1.tgz. Extracting by manifest.
130 silly tarball no local data for sharp@https://registry.npmjs.org/sharp/-/sharp-0.33.5.tgz. Extracting by manifest.
131 silly tarball no local data for set-harmonic-interval@https://registry.npmjs.org/set-harmonic-interval/-/set-harmonic-interval-1.0.1.tgz. Extracting by manifest.
132 silly tarball no local data for semver@https://registry.npmjs.org/semver/-/semver-7.6.3.tgz. Extracting by manifest.
133 silly tarball no local data for simple-swizzle@https://registry.npmjs.org/simple-swizzle/-/simple-swizzle-0.2.2.tgz. Extracting by manifest.
134 silly tarball no local data for scheduler@https://registry.npmjs.org/scheduler/-/scheduler-0.23.2.tgz. Extracting by manifest.
135 silly tarball no local data for rtl-css-js@https://registry.npmjs.org/rtl-css-js/-/rtl-css-js-1.16.1.tgz. Extracting by manifest.
136 silly tarball no local data for screenfull@https://registry.npmjs.org/screenfull/-/screenfull-5.2.0.tgz. Extracting by manifest.
137 silly tarball no local data for regenerator-runtime@https://registry.npmjs.org/regenerator-runtime/-/regenerator-runtime-0.14.1.tgz. Extracting by manifest.
138 silly tarball no local data for react-use@https://registry.npmjs.org/react-use/-/react-use-17.5.1.tgz. Extracting by manifest.
139 silly tarball no local data for react-universal-interface@https://registry.npmjs.org/react-universal-interface/-/react-universal-interface-0.6.2.tgz. Extracting by manifest.
140 silly tarball no local data for resize-observer-polyfill@https://registry.npmjs.org/resize-observer-polyfill/-/resize-observer-polyfill-1.5.1.tgz. Extracting by manifest.
141 silly tarball no local data for react-modal-video@https://registry.npmjs.org/react-modal-video/-/react-modal-video-2.0.2.tgz. Extracting by manifest.
142 silly tarball no local data for react-modal@https://registry.npmjs.org/react-modal/-/react-modal-3.16.1.tgz. Extracting by manifest.
143 silly tarball no local data for react-transition-group@https://registry.npmjs.org/react-transition-group/-/react-transition-group-4.4.5.tgz. Extracting by manifest.
144 silly tarball no local data for react-is@https://registry.npmjs.org/react-is/-/react-is-16.13.1.tgz. Extracting by manifest.
145 silly tarball no local data for react-dom@https://registry.npmjs.org/react-dom/-/react-dom-18.3.1.tgz. Extracting by manifest.
146 silly tarball no local data for react-lifecycles-compat@https://registry.npmjs.org/react-lifecycles-compat/-/react-lifecycles-compat-3.0.4.tgz. Extracting by manifest.
147 silly tarball no local data for react-intersection-observer@https://registry.npmjs.org/react-intersection-observer/-/react-intersection-observer-9.13.1.tgz. Extracting by manifest.
148 silly tarball no local data for react-18-image-lightbox@https://registry.npmjs.org/react-18-image-lightbox/-/react-18-image-lightbox-5.1.4.tgz. Extracting by manifest.
149 silly tarball no local data for prop-types@https://registry.npmjs.org/prop-types/-/prop-types-15.8.1.tgz. Extracting by manifest.
150 silly tarball no local data for postcss@https://registry.npmjs.org/postcss/-/postcss-8.4.31.tgz. Extracting by manifest.
151 silly tarball no local data for react@https://registry.npmjs.org/react/-/react-18.3.1.tgz. Extracting by manifest.
152 silly tarball no local data for object-assign@https://registry.npmjs.org/object-assign/-/object-assign-4.1.1.tgz. Extracting by manifest.
153 silly tarball no local data for picocolors@https://registry.npmjs.org/picocolors/-/picocolors-1.1.1.tgz. Extracting by manifest.
154 silly tarball no local data for react-countup@https://registry.npmjs.org/react-countup/-/react-countup-6.5.3.tgz. Extracting by manifest.
155 silly tarball no local data for next@https://registry.npmjs.org/next/-/next-14.2.16.tgz. Extracting by manifest.
156 silly tarball no local data for nanoid@https://registry.npmjs.org/nanoid/-/nanoid-3.3.7.tgz. Extracting by manifest.
157 silly tarball no local data for nano-css@https://registry.npmjs.org/nano-css/-/nano-css-5.6.2.tgz. Extracting by manifest.
158 silly tarball no local data for loose-envify@https://registry.npmjs.org/loose-envify/-/loose-envify-1.4.0.tgz. Extracting by manifest.
159 silly tarball no local data for mdn-data@https://registry.npmjs.org/mdn-data/-/mdn-data-2.0.14.tgz. Extracting by manifest.
160 silly tarball no local data for js-tokens@https://registry.npmjs.org/js-tokens/-/js-tokens-4.0.0.tgz. Extracting by manifest.
161 silly tarball no local data for js-cookie@https://registry.npmjs.org/js-cookie/-/js-cookie-2.2.1.tgz. Extracting by manifest.
162 silly tarball no local data for is-arrayish@https://registry.npmjs.org/is-arrayish/-/is-arrayish-0.3.2.tgz. Extracting by manifest.
163 silly tarball no local data for inline-style-prefixer@https://registry.npmjs.org/inline-style-prefixer/-/inline-style-prefixer-7.0.1.tgz. Extracting by manifest.
164 silly tarball no local data for hyphenate-style-name@https://registry.npmjs.org/hyphenate-style-name/-/hyphenate-style-name-1.1.0.tgz. Extracting by manifest.
165 silly tarball no local data for graceful-fs@https://registry.npmjs.org/graceful-fs/-/graceful-fs-4.2.11.tgz. Extracting by manifest.
166 silly tarball no local data for fastest-stable-stringify@https://registry.npmjs.org/fastest-stable-stringify/-/fastest-stable-stringify-2.0.2.tgz. Extracting by manifest.
167 silly tarball no local data for fast-shallow-equal@https://registry.npmjs.org/fast-shallow-equal/-/fast-shallow-equal-1.0.0.tgz. Extracting by manifest.
168 silly tarball no local data for fast-deep-equal@https://registry.npmjs.org/fast-deep-equal/-/fast-deep-equal-3.1.3.tgz. Extracting by manifest.
169 silly tarball no local data for error-stack-parser@https://registry.npmjs.org/error-stack-parser/-/error-stack-parser-2.1.4.tgz. Extracting by manifest.
170 silly tarball no local data for exenv@https://registry.npmjs.org/exenv/-/exenv-1.2.2.tgz. Extracting by manifest.
171 silly tarball no local data for dom-helpers@https://registry.npmjs.org/dom-helpers/-/dom-helpers-5.2.1.tgz. Extracting by manifest.
172 silly tarball no local data for detect-libc@https://registry.npmjs.org/detect-libc/-/detect-libc-2.0.3.tgz. Extracting by manifest.
173 silly tarball no local data for css-tree@https://registry.npmjs.org/css-tree/-/css-tree-1.1.3.tgz. Extracting by manifest.
174 silly tarball no local data for countup.js@https://registry.npmjs.org/countup.js/-/countup.js-2.8.0.tgz. Extracting by manifest.
175 silly tarball no local data for core-js@https://registry.npmjs.org/core-js/-/core-js-3.38.1.tgz. Extracting by manifest.
176 silly tarball no local data for copy-to-clipboard@https://registry.npmjs.org/copy-to-clipboard/-/copy-to-clipboard-3.3.3.tgz. Extracting by manifest.
177 silly tarball no local data for color-string@https://registry.npmjs.org/color-string/-/color-string-1.9.1.tgz. Extracting by manifest.
178 silly tarball no local data for css-in-js-utils@https://registry.npmjs.org/css-in-js-utils/-/css-in-js-utils-3.1.0.tgz. Extracting by manifest.
179 silly tarball no local data for color-convert@https://registry.npmjs.org/color-convert/-/color-convert-2.0.1.tgz. Extracting by manifest.
180 silly tarball no local data for color-name@https://registry.npmjs.org/color-name/-/color-name-1.1.4.tgz. Extracting by manifest.
181 silly tarball no local data for color@https://registry.npmjs.org/color/-/color-4.2.3.tgz. Extracting by manifest.
182 silly tarball no local data for client-only@https://registry.npmjs.org/client-only/-/client-only-0.0.1.tgz. Extracting by manifest.
183 silly tarball no local data for caniuse-lite@https://registry.npmjs.org/caniuse-lite/-/caniuse-lite-1.0.30001669.tgz. Extracting by manifest.
184 silly tarball no local data for busboy@https://registry.npmjs.org/busboy/-/busboy-1.6.0.tgz. Extracting by manifest.
185 silly tarball no local data for bootstrap@https://registry.npmjs.org/bootstrap/-/bootstrap-5.3.3.tgz. Extracting by manifest.
186 silly tarball no local data for animate.css@https://registry.npmjs.org/animate.css/-/animate.css-4.1.1.tgz. Extracting by manifest.
187 silly tarball no local data for @xobotyi/scrollbar-width@https://registry.npmjs.org/@xobotyi/scrollbar-width/-/scrollbar-width-1.9.5.tgz. Extracting by manifest.
188 silly tarball no local data for @types/react-modal-video@https://registry.npmjs.org/@types/react-modal-video/-/react-modal-video-1.2.3.tgz. Extracting by manifest.
189 silly tarball no local data for @types/react@https://registry.npmjs.org/@types/react/-/react-18.3.12.tgz. Extracting by manifest.
190 silly tarball no local data for @types/prop-types@https://registry.npmjs.org/@types/prop-types/-/prop-types-15.7.13.tgz. Extracting by manifest.
191 silly tarball no local data for @types/js-cookie@https://registry.npmjs.org/@types/js-cookie/-/js-cookie-2.2.7.tgz. Extracting by manifest.
192 silly tarball no local data for @types/react-dom@https://registry.npmjs.org/@types/react-dom/-/react-dom-18.3.1.tgz. Extracting by manifest.
193 silly tarball no local data for csstype@https://registry.npmjs.org/csstype/-/csstype-3.1.3.tgz. Extracting by manifest.
194 silly tarball no local data for @swc/helpers@https://registry.npmjs.org/@swc/helpers/-/helpers-0.5.5.tgz. Extracting by manifest.
195 silly tarball no local data for @swc/counter@https://registry.npmjs.org/@swc/counter/-/counter-0.1.3.tgz. Extracting by manifest.
196 silly tarball no local data for @popperjs/core@https://registry.npmjs.org/@popperjs/core/-/core-2.11.8.tgz. Extracting by manifest.
197 silly tarball no local data for @img/sharp-libvips-darwin-arm64@https://registry.npmjs.org/@img/sharp-libvips-darwin-arm64/-/sharp-libvips-darwin-arm64-1.0.4.tgz. Extracting by manifest.
198 silly tarball no local data for @img/sharp-darwin-arm64@https://registry.npmjs.org/@img/sharp-darwin-arm64/-/sharp-darwin-arm64-0.33.5.tgz. Extracting by manifest.
199 silly tarball no local data for @next/swc-darwin-arm64@https://registry.npmjs.org/@next/swc-darwin-arm64/-/swc-darwin-arm64-14.2.16.tgz. Extracting by manifest.
200 silly tarball no local data for @jridgewell/sourcemap-codec@https://registry.npmjs.org/@jridgewell/sourcemap-codec/-/sourcemap-codec-1.5.0.tgz. Extracting by manifest.
201 silly tarball no local data for @types/node@https://registry.npmjs.org/@types/node/-/node-20.16.15.tgz. Extracting by manifest.
202 silly tarball no local data for @babel/runtime@https://registry.npmjs.org/@babel/runtime/-/runtime-7.25.9.tgz. Extracting by manifest.
203 silly tarball no local data for gsap@https://registry.npmjs.org/gsap/-/gsap-3.12.5.tgz. Extracting by manifest.
204 silly tarball no local data for source-map@https://registry.npmjs.org/source-map/-/source-map-0.5.6.tgz. Extracting by manifest.
205 silly tarball no local data for @next/env@https://registry.npmjs.org/@next/env/-/env-14.2.16.tgz. Extracting by manifest.
206 http fetch GET 200 https://registry.npmjs.org/warning/-/warning-4.0.3.tgz 256ms (cache miss)
207 http fetch GET 200 https://registry.npmjs.org/throttle-debounce/-/throttle-debounce-3.0.1.tgz 257ms (cache miss)
208 http fetch GET 200 https://registry.npmjs.org/undici-types/-/undici-types-6.19.8.tgz 259ms (cache miss)
209 http fetch GET 200 https://registry.npmjs.org/streamsearch/-/streamsearch-1.1.0.tgz 326ms (cache miss)
210 http fetch GET 200 https://registry.npmjs.org/tslib/-/tslib-2.8.0.tgz 518ms (cache miss)
211 http fetch GET 200 https://registry.npmjs.org/stackframe/-/stackframe-1.3.4.tgz 605ms (cache miss)
212 http fetch GET 200 https://registry.npmjs.org/stack-generator/-/stack-generator-2.0.10.tgz 640ms (cache miss)
213 http fetch GET 200 https://registry.npmjs.org/stacktrace-gps/-/stacktrace-gps-3.1.2.tgz 648ms (cache miss)
214 http fetch GET 200 https://registry.npmjs.org/source-map-js/-/source-map-js-1.2.1.tgz 677ms (cache miss)
215 http fetch GET 200 https://registry.npmjs.org/set-harmonic-interval/-/set-harmonic-interval-1.0.1.tgz 781ms (cache miss)
216 http fetch GET 200 https://registry.npmjs.org/semver/-/semver-7.6.3.tgz 808ms (cache miss)
217 http fetch GET 200 https://registry.npmjs.org/simple-swizzle/-/simple-swizzle-0.2.2.tgz 864ms (cache miss)
218 http fetch GET 200 https://registry.npmjs.org/npm 1364ms
219 http fetch GET 200 https://registry.npmjs.org/sharp/-/sharp-0.33.5.tgz 1334ms (cache miss)
220 http fetch GET 200 https://registry.npmjs.org/scheduler/-/scheduler-0.23.2.tgz 1338ms (cache miss)
221 http fetch GET 200 https://registry.npmjs.org/rtl-css-js/-/rtl-css-js-1.16.1.tgz 1353ms (cache miss)
222 http fetch GET 200 https://registry.npmjs.org/source-map/-/source-map-0.6.1.tgz 1548ms (cache miss)
223 http fetch GET 200 https://registry.npmjs.org/ts-easing/-/ts-easing-0.2.0.tgz 1579ms (cache miss)
224 http fetch GET 200 https://registry.npmjs.org/screenfull/-/screenfull-5.2.0.tgz 1578ms (cache miss)
225 http fetch GET 200 https://registry.npmjs.org/regenerator-runtime/-/regenerator-runtime-0.14.1.tgz 1585ms (cache miss)
226 http fetch POST 200 https://registry.npmjs.org/-/npm/v1/security/advisories/bulk 1729ms
227 silly audit report {
227 silly audit report   '@babel/runtime': [
227 silly audit report     {
227 silly audit report       id: 1104000,
227 silly audit report       url: 'https://github.com/advisories/GHSA-968p-4wvh-cqc8',
227 silly audit report       title: 'Babel has inefficient RegExp complexity in generated code with .replace when transpiling named capturing groups',
227 silly audit report       severity: 'moderate',
227 silly audit report       vulnerable_versions: '<7.26.10',
227 silly audit report       cwe: [Array],
227 silly audit report       cvss: [Object]
227 silly audit report     }
227 silly audit report   ],
227 silly audit report   nanoid: [
227 silly audit report     {
227 silly audit report       id: 1109563,
227 silly audit report       url: 'https://github.com/advisories/GHSA-mwcw-c2x4-8c55',
227 silly audit report       title: 'Predictable results in nanoid generation when given non-integer values',
227 silly audit report       severity: 'moderate',
227 silly audit report       vulnerable_versions: '<3.3.8',
227 silly audit report       cwe: [Array],
227 silly audit report       cvss: [Object]
227 silly audit report     }
227 silly audit report   ],
227 silly audit report   next: [
227 silly audit report     {
227 silly audit report       id: 1101438,
227 silly audit report       url: 'https://github.com/advisories/GHSA-7m27-7ghc-44w9',
227 silly audit report       title: 'Next.js Allows a Denial of Service (DoS) with Server Actions',
227 silly audit report       severity: 'moderate',
227 silly audit report       vulnerable_versions: '>=14.0.0 <14.2.21',
227 silly audit report       cwe: [Array],
227 silly audit report       cvss: [Object]
227 silly audit report     },
227 silly audit report     {
227 silly audit report       id: 1105461,
227 silly audit report       url: 'https://github.com/advisories/GHSA-3h52-269p-cp9r',
227 silly audit report       title: 'Information exposure in Next.js dev server due to lack of origin verification',
227 silly audit report       severity: 'low',
227 silly audit report       vulnerable_versions: '>=13.0 <14.2.30',
227 silly audit report       cwe: [Array],
227 silly audit report       cvss: [Object]
227 silly audit report     },
227 silly audit report     {
227 silly audit report       id: 1111391,
227 silly audit report       url: 'https://github.com/advisories/GHSA-mwv6-3258-q52c',
227 silly audit report       title: 'Next Vulnerable to Denial of Service with Server Components',
227 silly audit report       severity: 'high',
227 silly audit report       vulnerable_versions: '>=13.3.0 <14.2.34',
227 silly audit report       cwe: [Array],
227 silly audit report       cvss: [Object]
227 silly audit report     },
227 silly audit report     {
227 silly audit report       id: 1107226,
227 silly audit report       url: 'https://github.com/advisories/GHSA-g5qg-72qw-gw5v',
227 silly audit report       title: 'Next.js Affected by Cache Key Confusion for Image Optimization API Routes',
227 silly audit report       severity: 'moderate',
227 silly audit report       vulnerable_versions: '>=0.9.9 <14.2.31',
227 silly audit report       cwe: [Array],
227 silly audit report       cvss: [Object]
227 silly audit report     },
227 silly audit report     {
227 silly audit report       id: 1107512,
227 silly audit report       url: 'https://github.com/advisories/GHSA-4342-x723-ch2f',
227 silly audit report       title: 'Next.js Improper Middleware Redirect Handling Leads to SSRF',
227 silly audit report       severity: 'moderate',
227 silly audit report       vulnerable_versions: '>=0.9.9 <14.2.32',
227 silly audit report       cwe: [Array],
227 silly audit report       cvss: [Object]
227 silly audit report     },
227 silly audit report     {
227 silly audit report       id: 1107513,
227 silly audit report       url: 'https://github.com/advisories/GHSA-xv57-4mr9-wg8v',
227 silly audit report       title: 'Next.js Content Injection Vulnerability for Image Optimization',
227 silly audit report       severity: 'moderate',
227 silly audit report       vulnerable_versions: '>=0.9.9 <14.2.31',
227 silly audit report       cwe: [Array],
227 silly audit report       cvss: [Object]
227 silly audit report     },
227 silly audit report     {
227 silly audit report       id: 1112182,
227 silly audit report       url: 'https://github.com/advisories/GHSA-5j59-xgg2-r9c4',
227 silly audit report       title: 'Next has a Denial of Service with Server Components - Incomplete Fix Follow-Up',
227 silly audit report       severity: 'high',
227 silly audit report       vulnerable_versions: '>=13.3.1-canary.0 <14.2.35',
227 silly audit report       cwe: [Array],
227 silly audit report       cvss: [Object]
227 silly audit report     },
227 silly audit report     {
227 silly audit report       id: 1108291,
227 silly audit report       url: 'https://github.com/advisories/GHSA-qpjv-v59x-3qc4',
227 silly audit report       title: 'Next.js Race Condition to Cache Poisoning',
227 silly audit report       severity: 'low',
227 silly audit report       vulnerable_versions: '>=0.9.9 <14.2.24',
227 silly audit report       cwe: [Array],
227 silly audit report       cvss: [Object]
227 silly audit report     },
227 silly audit report     {
227 silly audit report       id: 1112593,
227 silly audit report       url: 'https://github.com/advisories/GHSA-9g9p-9gw9-jx7f',
227 silly audit report       title: 'Next.js self-hosted applications vulnerable to DoS via Image Optimizer remotePatterns configuration',
227 silly audit report       severity: 'moderate',
227 silly audit report       vulnerable_versions: '>=10.0.0 <15.5.10',
227 silly audit report       cwe: [Array],
227 silly audit report       cvss: [Object]
227 silly audit report     },
227 silly audit report     {
227 silly audit report       id: 1112653,
227 silly audit report       url: 'https://github.com/advisories/GHSA-h25m-26qc-wcjf',
227 silly audit report       title: 'Next.js HTTP request deserialization can lead to DoS when using insecure React Server Components',
227 silly audit report       severity: 'high',
227 silly audit report       vulnerable_versions: '>=13.0.0 <15.0.8',
227 silly audit report       cwe: [Array],
227 silly audit report       cvss: [Object]
227 silly audit report     },
227 silly audit report     {
227 silly audit report       id: 1113689,
227 silly audit report       url: 'https://github.com/advisories/GHSA-f82v-jwr5-mffw',
227 silly audit report       title: 'Authorization Bypass in Next.js Middleware',
227 silly audit report       severity: 'critical',
227 silly audit report       vulnerable_versions: '>=14.0.0 <14.2.25',
227 silly audit report       cwe: [Array],
227 silly audit report       cvss: [Object]
227 silly audit report     },
227 silly audit report     {
227 silly audit report       id: 1114897,
227 silly audit report       url: 'https://github.com/advisories/GHSA-ggv3-7p47-pfv8',
227 silly audit report       title: 'Next.js: HTTP request smuggling in rewrites',
227 silly audit report       severity: 'moderate',
227 silly audit report       vulnerable_versions: '>=9.5.0 <15.5.13',
227 silly audit report       cwe: [Array],
227 silly audit report       cvss: [Object]
227 silly audit report     },
227 silly audit report     {
227 silly audit report       id: 1114940,
227 silly audit report       url: 'https://github.com/advisories/GHSA-3x4c-7xq6-9pq8',
227 silly audit report       title: 'Next.js: Unbounded next/image disk cache growth can exhaust storage',
227 silly audit report       severity: 'moderate',
227 silly audit report       vulnerable_versions: '>=10.0.0 <15.5.14',
227 silly audit report       cwe: [Array],
227 silly audit report       cvss: [Object]
227 silly audit report     },
227 silly audit report     {
227 silly audit report       id: 1116376,
227 silly audit report       url: 'https://github.com/advisories/GHSA-q4gf-8mx6-v5v3',
227 silly audit report       title: 'Next.js has a Denial of Service with Server Components',
227 silly audit report       severity: 'high',
227 silly audit report       vulnerable_versions: '>=13.0.0 <15.5.15',
227 silly audit report       cwe: [Array],
227 silly audit report       cvss: [Object]
227 silly audit report     }
227 silly audit report   ],
227 silly audit report   swiper: [
227 silly audit report     {
227 silly audit report       id: 1113431,
227 silly audit report       url: 'https://github.com/advisories/GHSA-hmx5-qpq5-p643',
227 silly audit report       title: 'Prototype pollution in swiper',
227 silly audit report       severity: 'critical',
227 silly audit report       vulnerable_versions: '>=6.5.1 <12.1.2',
227 silly audit report       cwe: [Array],
227 silly audit report       cvss: [Object]
227 silly audit report     }
227 silly audit report   ]
227 silly audit report }
228 silly packumentCache corgi:https://registry.npmjs.org/@babel%2fruntime cache-miss
229 silly packumentCache corgi:https://registry.npmjs.org/nanoid cache-miss
230 silly packumentCache corgi:https://registry.npmjs.org/next cache-miss
231 silly packumentCache corgi:https://registry.npmjs.org/swiper cache-miss
232 http fetch GET 200 https://registry.npmjs.org/react-is/-/react-is-16.13.1.tgz 2182ms (cache miss)
233 http fetch GET 200 https://registry.npmjs.org/react-transition-group/-/react-transition-group-4.4.5.tgz 2193ms (cache miss)
234 http fetch GET 200 https://registry.npmjs.org/react-modal-video/-/react-modal-video-2.0.2.tgz 2207ms (cache miss)
235 http fetch GET 200 https://registry.npmjs.org/react-modal/-/react-modal-3.16.1.tgz 2277ms (cache miss)
236 http fetch GET 200 https://registry.npmjs.org/react-lifecycles-compat/-/react-lifecycles-compat-3.0.4.tgz 2392ms (cache miss)
237 http fetch GET 200 https://registry.npmjs.org/react-intersection-observer/-/react-intersection-observer-9.13.1.tgz 2393ms (cache miss)
238 http fetch GET 200 https://registry.npmjs.org/prop-types/-/prop-types-15.8.1.tgz 2414ms (cache miss)
239 http fetch GET 200 https://registry.npmjs.org/react-18-image-lightbox/-/react-18-image-lightbox-5.1.4.tgz 2427ms (cache miss)
240 http fetch GET 200 https://registry.npmjs.org/react-universal-interface/-/react-universal-interface-0.6.2.tgz 2657ms (cache miss)
241 http fetch GET 200 https://registry.npmjs.org/resize-observer-polyfill/-/resize-observer-polyfill-1.5.1.tgz 2846ms (cache miss)
242 http fetch GET 200 https://registry.npmjs.org/react-countup/-/react-countup-6.5.3.tgz 2850ms (cache miss)
243 http fetch GET 200 https://registry.npmjs.org/toggle-selection/-/toggle-selection-1.0.6.tgz 2890ms (cache miss)
244 http fetch GET 200 https://registry.npmjs.org/stylis/-/stylis-4.3.4.tgz 2913ms (cache miss)
245 http fetch GET 200 https://registry.npmjs.org/nanoid/-/nanoid-3.3.7.tgz 3032ms (cache miss)
246 http fetch GET 200 https://registry.npmjs.org/picocolors/-/picocolors-1.1.1.tgz 3448ms (cache miss)
247 http fetch GET 200 https://registry.npmjs.org/mdn-data/-/mdn-data-2.0.14.tgz 3531ms (cache miss)
248 http fetch GET 200 https://registry.npmjs.org/styled-jsx/-/styled-jsx-5.1.1.tgz 3552ms (cache miss)
249 http fetch GET 200 https://registry.npmjs.org/js-tokens/-/js-tokens-4.0.0.tgz 3651ms (cache miss)
250 http fetch GET 200 https://registry.npmjs.org/loose-envify/-/loose-envify-1.4.0.tgz 3708ms (cache miss)
251 http fetch GET 200 https://registry.npmjs.org/swiper/-/swiper-11.1.14.tgz 3727ms (cache miss)
252 http fetch GET 200 https://registry.npmjs.org/stacktrace-js/-/stacktrace-js-2.0.2.tgz 3762ms (cache miss)
253 http fetch GET 200 https://registry.npmjs.org/is-arrayish/-/is-arrayish-0.3.2.tgz 3766ms (cache miss)
254 http fetch GET 200 https://registry.npmjs.org/react-use/-/react-use-17.5.1.tgz 3770ms (cache miss)
255 http fetch GET 200 https://registry.npmjs.org/hyphenate-style-name/-/hyphenate-style-name-1.1.0.tgz 3791ms (cache miss)
256 http fetch GET 200 https://registry.npmjs.org/graceful-fs/-/graceful-fs-4.2.11.tgz 3798ms (cache miss)
257 http fetch GET 200 https://registry.npmjs.org/inline-style-prefixer/-/inline-style-prefixer-7.0.1.tgz 3800ms (cache miss)
258 http fetch GET 200 https://registry.npmjs.org/fast-shallow-equal/-/fast-shallow-equal-1.0.0.tgz 4117ms (cache miss)
259 http fetch GET 200 https://registry.npmjs.org/fast-deep-equal/-/fast-deep-equal-3.1.3.tgz 4118ms (cache miss)
260 http fetch GET 200 https://registry.npmjs.org/fastest-stable-stringify/-/fastest-stable-stringify-2.0.2.tgz 4131ms (cache miss)
261 http fetch GET 200 https://registry.npmjs.org/error-stack-parser/-/error-stack-parser-2.1.4.tgz 4143ms (cache miss)
262 http fetch GET 200 https://registry.npmjs.org/exenv/-/exenv-1.2.2.tgz 4181ms (cache miss)
263 http fetch GET 200 https://registry.npmjs.org/react/-/react-18.3.1.tgz 4209ms (cache miss)
264 http fetch GET 200 https://registry.npmjs.org/dom-helpers/-/dom-helpers-5.2.1.tgz 4223ms (cache miss)
265 http fetch GET 200 https://registry.npmjs.org/nano-css/-/nano-css-5.6.2.tgz 4232ms (cache miss)
266 http fetch GET 200 https://registry.npmjs.org/detect-libc/-/detect-libc-2.0.3.tgz 4983ms (cache miss)
267 http fetch GET 200 https://registry.npmjs.org/wowjs/-/wowjs-1.1.3.tgz 4994ms (cache miss)
268 http fetch GET 200 https://registry.npmjs.org/object-assign/-/object-assign-4.1.1.tgz 5401ms (cache miss)
269 http fetch GET 200 https://registry.npmjs.org/color-string/-/color-string-1.9.1.tgz 5408ms (cache miss)
270 http fetch GET 200 https://registry.npmjs.org/color-convert/-/color-convert-2.0.1.tgz 5431ms (cache miss)
271 http fetch GET 200 https://registry.npmjs.org/color-name/-/color-name-1.1.4.tgz 5617ms (cache miss)
272 http fetch GET 200 https://registry.npmjs.org/copy-to-clipboard/-/copy-to-clipboard-3.3.3.tgz 5619ms (cache miss)
273 http fetch GET 200 https://registry.npmjs.org/postcss/-/postcss-8.4.31.tgz 5762ms (cache miss)
274 http fetch GET 200 https://registry.npmjs.org/color/-/color-4.2.3.tgz 5782ms (cache miss)
275 http fetch GET 200 https://registry.npmjs.org/css-in-js-utils/-/css-in-js-utils-3.1.0.tgz 5859ms (cache miss)
276 http fetch GET 200 https://registry.npmjs.org/client-only/-/client-only-0.0.1.tgz 6065ms (cache miss)
277 http fetch GET 200 https://registry.npmjs.org/busboy/-/busboy-1.6.0.tgz 6297ms (cache miss)
278 http fetch GET 200 https://registry.npmjs.org/js-cookie/-/js-cookie-2.2.1.tgz 6460ms (cache miss)
279 http fetch GET 200 https://registry.npmjs.org/animate.css/-/animate.css-4.1.1.tgz 6506ms (cache miss)
280 http fetch GET 200 https://registry.npmjs.org/@types/prop-types/-/prop-types-15.7.13.tgz 6934ms (cache miss)
281 http fetch GET 200 https://registry.npmjs.org/@types/react-modal-video/-/react-modal-video-1.2.3.tgz 6935ms (cache miss)
282 http fetch GET 200 https://registry.npmjs.org/react-dom/-/react-dom-18.3.1.tgz 7607ms (cache miss)
283 http fetch GET 200 https://registry.npmjs.org/@xobotyi/scrollbar-width/-/scrollbar-width-1.9.5.tgz 9684ms (cache miss)
284 http fetch GET 200 https://registry.npmjs.org/@types/react-dom/-/react-dom-18.3.1.tgz 10511ms (cache miss)
285 http fetch GET 200 https://registry.npmjs.org/@swc/counter/-/counter-0.1.3.tgz 10588ms (cache miss)
286 http fetch GET 200 https://registry.npmjs.org/@types/js-cookie/-/js-cookie-2.2.7.tgz 10715ms (cache miss)
287 http fetch GET 200 https://registry.npmjs.org/@jridgewell/sourcemap-codec/-/sourcemap-codec-1.5.0.tgz 11743ms (cache miss)
288 http fetch GET 200 https://registry.npmjs.org/csstype/-/csstype-3.1.3.tgz 12220ms (cache miss)
289 http fetch GET 200 https://registry.npmjs.org/caniuse-lite/-/caniuse-lite-1.0.30001669.tgz 12270ms (cache miss)
290 http fetch GET 200 https://registry.npmjs.org/css-tree/-/css-tree-1.1.3.tgz 12503ms (cache miss)
291 http fetch GET 200 https://registry.npmjs.org/@babel/runtime/-/runtime-7.25.9.tgz 12592ms (cache miss)
292 http fetch GET 200 https://registry.npmjs.org/@next/env/-/env-14.2.16.tgz 13406ms (cache miss)
293 http fetch GET 200 https://registry.npmjs.org/@swc/helpers/-/helpers-0.5.5.tgz 14439ms (cache miss)
294 http fetch GET 200 https://registry.npmjs.org/nanoid 12952ms (cache miss)
295 silly packumentCache corgi:https://registry.npmjs.org/nanoid set size:undefined disposed:false
296 http fetch GET 200 https://registry.npmjs.org/@popperjs/core/-/core-2.11.8.tgz 15286ms (cache miss)
297 http fetch GET 200 https://registry.npmjs.org/bootstrap/-/bootstrap-5.3.3.tgz 15289ms (cache miss)
298 http fetch GET 200 https://registry.npmjs.org/@img/sharp-darwin-arm64/-/sharp-darwin-arm64-0.33.5.tgz 15499ms (cache miss)
299 http fetch GET 200 https://registry.npmjs.org/@types/node/-/node-20.16.15.tgz 15612ms (cache miss)
300 http fetch GET 200 https://registry.npmjs.org/source-map/-/source-map-0.5.6.tgz 15703ms (cache miss)
301 http fetch GET 200 https://registry.npmjs.org/swiper 16024ms (cache miss)
302 silly packumentCache corgi:https://registry.npmjs.org/swiper set size:undefined disposed:false
303 http fetch GET 200 https://registry.npmjs.org/@babel%2fruntime 16036ms (cache miss)
304 silly packumentCache corgi:https://registry.npmjs.org/@babel%2fruntime set size:undefined disposed:false
305 http fetch GET 200 https://registry.npmjs.org/next 16977ms (cache miss)
306 silly packumentCache corgi:https://registry.npmjs.org/next set size:undefined disposed:false
307 http fetch GET 200 https://registry.npmjs.org/@types/react/-/react-18.3.12.tgz 19563ms (cache miss)
308 silly packumentCache corgi:https://registry.npmjs.org/dom-helpers cache-miss
309 silly packumentCache corgi:https://registry.npmjs.org/react-transition-group cache-miss
310 silly packumentCache corgi:https://registry.npmjs.org/rtl-css-js cache-miss
311 http fetch GET 200 https://registry.npmjs.org/core-js/-/core-js-3.38.1.tgz 19577ms (cache miss)
312 http fetch GET 200 https://registry.npmjs.org/dom-helpers 108ms (cache miss)
313 silly packumentCache corgi:https://registry.npmjs.org/dom-helpers set size:undefined disposed:false
314 http fetch GET 200 https://registry.npmjs.org/rtl-css-js 114ms (cache miss)
315 silly packumentCache corgi:https://registry.npmjs.org/rtl-css-js set size:undefined disposed:false
316 http fetch GET 200 https://registry.npmjs.org/gsap/-/gsap-3.12.5.tgz 20256ms (cache miss)
317 http fetch GET 200 https://registry.npmjs.org/react-transition-group 2588ms (cache miss)
318 silly packumentCache corgi:https://registry.npmjs.org/react-transition-group set size:undefined disposed:false
319 silly packumentCache corgi:https://registry.npmjs.org/postcss cache-miss
320 http fetch GET 200 https://registry.npmjs.org/postcss 1161ms (cache miss)
321 silly packumentCache corgi:https://registry.npmjs.org/postcss set size:undefined disposed:false
322 http fetch GET 200 https://registry.npmjs.org/countup.js/-/countup.js-2.8.0.tgz 32530ms (cache miss)
323 http fetch GET 200 https://registry.npmjs.org/typescript/-/typescript-5.6.3.tgz 34940ms (cache miss)
324 http fetch GET 200 https://registry.npmjs.org/next/-/next-14.2.16.tgz 39428ms (cache miss)
325 http fetch GET 200 https://registry.npmjs.org/@img/sharp-libvips-darwin-arm64/-/sharp-libvips-darwin-arm64-1.0.4.tgz 41104ms (cache miss)
326 http fetch GET 200 https://registry.npmjs.org/@next/swc-darwin-arm64/-/swc-darwin-arm64-14.2.16.tgz 43243ms (cache miss)
327 info run sharp@0.33.5 install node_modules/sharp node install/check
328 info run sharp@0.33.5 install { code: 0, signal: null }
329 info run core-js@3.38.1 postinstall node_modules/core-js node -e "try{require('./postinstall')}catch(e){}"
330 info run core-js@3.38.1 postinstall { code: 0, signal: null }
331 silly ADD node_modules/wowjs
332 silly ADD node_modules/warning
333 silly ADD node_modules/undici-types
334 silly ADD node_modules/typescript
335 silly ADD node_modules/tslib
336 silly ADD node_modules/ts-easing
337 silly ADD node_modules/toggle-selection
338 silly ADD node_modules/throttle-debounce
339 silly ADD node_modules/swiper
340 silly ADD node_modules/stylis
341 silly ADD node_modules/styled-jsx
342 silly ADD node_modules/streamsearch
343 silly ADD node_modules/stacktrace-js
344 silly ADD node_modules/stacktrace-gps
345 silly ADD node_modules/stacktrace-gps/node_modules/source-map
346 silly ADD node_modules/stackframe
347 silly ADD node_modules/stack-generator
348 silly ADD node_modules/source-map-js
349 silly ADD node_modules/source-map
350 silly ADD node_modules/simple-swizzle
351 silly ADD node_modules/sharp
352 silly ADD node_modules/set-harmonic-interval
353 silly ADD node_modules/semver
354 silly ADD node_modules/screenfull
355 silly ADD node_modules/scheduler
356 silly ADD node_modules/rtl-css-js
357 silly ADD node_modules/resize-observer-polyfill
358 silly ADD node_modules/regenerator-runtime
359 silly ADD node_modules/react-use
360 silly ADD node_modules/react-universal-interface
361 silly ADD node_modules/react-transition-group
362 silly ADD node_modules/react-modal-video
363 silly ADD node_modules/react-modal
364 silly ADD node_modules/react-lifecycles-compat
365 silly ADD node_modules/react-is
366 silly ADD node_modules/react-intersection-observer
367 silly ADD node_modules/react-dom
368 silly ADD node_modules/react-countup
369 silly ADD node_modules/react-18-image-lightbox
370 silly ADD node_modules/react
371 silly ADD node_modules/prop-types
372 silly ADD node_modules/postcss
373 silly ADD node_modules/picocolors
374 silly ADD node_modules/object-assign
375 silly ADD node_modules/next
376 silly ADD node_modules/nanoid
377 silly ADD node_modules/nano-css
378 silly ADD node_modules/mdn-data
379 silly ADD node_modules/loose-envify
380 silly ADD node_modules/js-tokens
381 silly ADD node_modules/js-cookie
382 silly ADD node_modules/is-arrayish
383 silly ADD node_modules/inline-style-prefixer
384 silly ADD node_modules/hyphenate-style-name
385 silly ADD node_modules/graceful-fs
386 silly ADD node_modules/fastest-stable-stringify
387 silly ADD node_modules/fast-shallow-equal
388 silly ADD node_modules/fast-deep-equal
389 silly ADD node_modules/exenv
390 silly ADD node_modules/error-stack-parser
391 silly ADD node_modules/dom-helpers
392 silly ADD node_modules/detect-libc
393 silly ADD node_modules/csstype
394 silly ADD node_modules/css-tree
395 silly ADD node_modules/css-in-js-utils
396 silly ADD node_modules/countup.js
397 silly ADD node_modules/core-js
398 silly ADD node_modules/copy-to-clipboard
399 silly ADD node_modules/color-string
400 silly ADD node_modules/color-name
401 silly ADD node_modules/color-convert
402 silly ADD node_modules/color
403 silly ADD node_modules/client-only
404 silly ADD node_modules/caniuse-lite
405 silly ADD node_modules/busboy
406 silly ADD node_modules/bootstrap
407 silly ADD node_modules/animate.css
408 silly ADD node_modules/@xobotyi/scrollbar-width
409 silly ADD node_modules/@types/react-modal-video
410 silly ADD node_modules/@types/react-dom
411 silly ADD node_modules/@types/react
412 silly ADD node_modules/@types/prop-types
413 silly ADD node_modules/@types/js-cookie
414 silly ADD node_modules/@swc/helpers
415 silly ADD node_modules/@swc/counter
416 silly ADD node_modules/@popperjs/core
417 silly ADD node_modules/@next/swc-darwin-arm64
418 silly ADD node_modules/@next/env
419 silly ADD node_modules/@jridgewell/sourcemap-codec
420 silly ADD node_modules/@img/sharp-libvips-darwin-arm64
421 silly ADD node_modules/@img/sharp-darwin-arm64
422 silly ADD node_modules/@babel/runtime
423 silly CHANGE node_modules/@types/node
424 silly CHANGE node_modules/gsap
425 verbose cwd /Users/sahitsai/Downloads/nino-next-js-personal-portfolio-template-2025-08-02-04-43-30-utc/nino-nextjs-package
426 verbose os Darwin 25.3.0
427 verbose node v24.14.1
428 verbose npm  v11.11.0
429 notice
429 notice New [33mminor[39m version of npm available! [33m11.11.0[39m -> [34m11.12.1[39m
429 notice Changelog: [34mhttps://github.com/npm/cli/releases/tag/v11.12.1[39m
429 notice To update run: [4mnpm install -g npm@11.12.1[24m
429 notice  { force: true, Symbol(proc-log.meta): true }
430 verbose exit 0
431 info ok
