0 verbose cli /usr/local/bin/node /usr/local/bin/npm
1 info using npm@11.11.0
2 info using node@v24.14.1
3 silly config load:file:/usr/local/lib/node_modules/npm/npmrc
4 silly config load:file:/Users/sahitsai/Downloads/nino-next-js-personal-portfolio-template-2025-08-02-04-43-30-utc/nino-nextjs-package/.npmrc
5 silly config load:file:/Users/sahitsai/.npmrc
6 silly config load:file:/usr/local/etc/npmrc
7 verbose title npm install @supabase/supabase-js @supabase/ssr
8 verbose argv "install" "@supabase/supabase-js" "@supabase/ssr" "--cache" "./.npm-cache"
9 verbose logfile logs-max:10 dir:/Users/sahitsai/Downloads/nino-next-js-personal-portfolio-template-2025-08-02-04-43-30-utc/nino-nextjs-package/.npm-cache/_logs/2026-04-20T19_31_53_749Z-
10 verbose logfile /Users/sahitsai/Downloads/nino-next-js-personal-portfolio-template-2025-08-02-04-43-30-utc/nino-nextjs-package/.npm-cache/_logs/2026-04-20T19_31_53_749Z-debug-0.log
11 silly logfile done cleaning log files
12 silly packumentCache heap:4496293888 maxSize:1124073472 maxEntrySize:562036736
13 silly idealTree buildDeps
14 silly fetch manifest @supabase/supabase-js@*
15 silly packumentCache full:https://registry.npmjs.org/@supabase%2fsupabase-js cache-miss
16 http fetch GET 200 https://registry.npmjs.org/@supabase%2fsupabase-js 323ms (cache miss)
17 silly packumentCache full:https://registry.npmjs.org/@supabase%2fsupabase-js set size:undefined disposed:false
18 silly fetch manifest @supabase/ssr@*
19 silly packumentCache full:https://registry.npmjs.org/@supabase%2fssr cache-miss
20 http fetch GET 200 https://registry.npmjs.org/@supabase%2fssr 57ms (cache miss)
21 silly packumentCache full:https://registry.npmjs.org/@supabase%2fssr set size:undefined disposed:false
22 silly placeDep ROOT @supabase/ssr@0.10.2 OK for: edumon-nextjs@0.1.0 want: *
23 silly placeDep ROOT @supabase/supabase-js@2.104.0 OK for: @supabase/ssr@0.10.2 want: ^2.102.1
24 silly placeDep ROOT @supabase/supabase-js@2.104.0 REPLACE for: edumon-nextjs@0.1.0 want: *
25 silly fetch manifest cookie@^1.0.2
26 silly packumentCache full:https://registry.npmjs.org/cookie cache-miss
27 silly fetch manifest @supabase/auth-js@2.104.0
28 silly packumentCache full:https://registry.npmjs.org/@supabase%2fauth-js cache-miss
29 silly fetch manifest @supabase/functions-js@2.104.0
30 silly packumentCache full:https://registry.npmjs.org/@supabase%2ffunctions-js cache-miss
31 silly fetch manifest @supabase/postgrest-js@2.104.0
32 silly packumentCache full:https://registry.npmjs.org/@supabase%2fpostgrest-js cache-miss
33 silly fetch manifest @supabase/realtime-js@2.104.0
34 silly packumentCache full:https://registry.npmjs.org/@supabase%2frealtime-js cache-miss
35 silly fetch manifest @supabase/storage-js@2.104.0
36 silly packumentCache full:https://registry.npmjs.org/@supabase%2fstorage-js cache-miss
37 silly fetch manifest @supabase/auth-js@2.104.0
38 silly packumentCache full:https://registry.npmjs.org/@supabase%2fauth-js cache-miss
39 http fetch GET 200 https://registry.npmjs.org/cookie 103ms (cache miss)
40 silly packumentCache full:https://registry.npmjs.org/cookie set size:undefined disposed:false
41 silly fetch manifest @supabase/functions-js@2.104.0
42 silly packumentCache full:https://registry.npmjs.org/@supabase%2ffunctions-js cache-miss
43 http fetch GET 200 https://registry.npmjs.org/@supabase%2fauth-js 907ms (cache miss)
44 silly packumentCache full:https://registry.npmjs.org/@supabase%2fauth-js set size:undefined disposed:false
45 silly fetch manifest @supabase/postgrest-js@2.104.0
46 silly packumentCache full:https://registry.npmjs.org/@supabase%2fpostgrest-js cache-miss
47 http fetch GET 200 https://registry.npmjs.org/@supabase%2fauth-js 920ms (cache miss)
48 silly packumentCache full:https://registry.npmjs.org/@supabase%2fauth-js set size:undefined disposed:false
49 silly fetch manifest @supabase/realtime-js@2.104.0
50 silly packumentCache full:https://registry.npmjs.org/@supabase%2frealtime-js cache-miss
51 http fetch GET 200 https://registry.npmjs.org/@supabase%2frealtime-js 990ms (cache miss)
52 silly packumentCache full:https://registry.npmjs.org/@supabase%2frealtime-js set size:undefined disposed:false
53 silly fetch manifest @supabase/storage-js@2.104.0
54 silly packumentCache full:https://registry.npmjs.org/@supabase%2fstorage-js cache-miss
55 http fetch GET 200 https://registry.npmjs.org/@supabase%2frealtime-js 143ms (cache miss)
56 silly packumentCache full:https://registry.npmjs.org/@supabase%2frealtime-js set size:undefined disposed:false
57 http fetch GET 200 https://registry.npmjs.org/@supabase%2ffunctions-js 1213ms (cache miss)
58 silly packumentCache full:https://registry.npmjs.org/@supabase%2ffunctions-js set size:undefined disposed:false
59 http fetch GET 200 https://registry.npmjs.org/@supabase%2fstorage-js 1457ms (cache miss)
60 silly packumentCache full:https://registry.npmjs.org/@supabase%2fstorage-js set size:undefined disposed:false
61 http fetch GET 200 https://registry.npmjs.org/@supabase%2fstorage-js 467ms (cache miss)
62 silly packumentCache full:https://registry.npmjs.org/@supabase%2fstorage-js set size:undefined disposed:false
63 http fetch GET 200 https://registry.npmjs.org/@supabase%2ffunctions-js 1797ms (cache miss)
64 silly packumentCache full:https://registry.npmjs.org/@supabase%2ffunctions-js set size:undefined disposed:false
65 http fetch GET 200 https://registry.npmjs.org/@supabase%2fpostgrest-js 965ms (cache miss)
66 silly packumentCache full:https://registry.npmjs.org/@supabase%2fpostgrest-js set size:undefined disposed:false
67 http fetch GET 200 https://registry.npmjs.org/@supabase%2fpostgrest-js 1895ms (cache miss)
68 silly packumentCache full:https://registry.npmjs.org/@supabase%2fpostgrest-js set size:undefined disposed:false
69 silly placeDep ROOT cookie@1.1.1 OK for: @supabase/ssr@0.10.2 want: ^1.0.2
70 silly placeDep ROOT @supabase/auth-js@2.104.0 OK for: @supabase/supabase-js@2.104.0 want: 2.104.0
71 silly placeDep ROOT @supabase/functions-js@2.104.0 OK for: @supabase/supabase-js@2.104.0 want: 2.104.0
72 silly placeDep ROOT @supabase/postgrest-js@2.104.0 OK for: @supabase/supabase-js@2.104.0 want: 2.104.0
73 silly placeDep ROOT @supabase/realtime-js@2.104.0 OK for: @supabase/supabase-js@2.104.0 want: 2.104.0
74 silly placeDep ROOT @supabase/storage-js@2.104.0 OK for: @supabase/supabase-js@2.104.0 want: 2.104.0
75 silly fetch manifest tslib@2.8.1
76 silly packumentCache full:https://registry.npmjs.org/tslib cache-miss
77 silly fetch manifest tslib@2.8.1
78 silly packumentCache full:https://registry.npmjs.org/tslib cache-miss
79 silly fetch manifest tslib@2.8.1
80 silly packumentCache full:https://registry.npmjs.org/tslib cache-miss
81 silly fetch manifest @supabase/phoenix@^0.4.0
82 silly packumentCache full:https://registry.npmjs.org/@supabase%2fphoenix cache-miss
83 silly fetch manifest @types/ws@^8.18.1
84 silly packumentCache full:https://registry.npmjs.org/@types%2fws cache-miss
85 silly fetch manifest tslib@2.8.1
86 silly packumentCache full:https://registry.npmjs.org/tslib cache-miss
87 silly fetch manifest ws@^8.18.2
88 silly packumentCache full:https://registry.npmjs.org/ws cache-miss
89 http fetch GET 200 https://registry.npmjs.org/ws 103ms (cache miss)
90 silly packumentCache full:https://registry.npmjs.org/ws set size:undefined disposed:false
91 silly fetch manifest iceberg-js@^0.8.1
92 silly packumentCache full:https://registry.npmjs.org/iceberg-js cache-miss
93 http fetch GET 200 https://registry.npmjs.org/tslib 298ms (cache miss)
94 silly packumentCache full:https://registry.npmjs.org/tslib set size:undefined disposed:false
95 http fetch GET 200 https://registry.npmjs.org/tslib 301ms (cache miss)
96 silly packumentCache full:https://registry.npmjs.org/tslib set size:undefined disposed:false
97 http fetch GET 200 https://registry.npmjs.org/tslib 303ms (cache miss)
98 silly packumentCache full:https://registry.npmjs.org/tslib set size:undefined disposed:false
99 http fetch GET 200 https://registry.npmjs.org/tslib 304ms (cache miss)
100 silly packumentCache full:https://registry.npmjs.org/tslib set size:undefined disposed:false
101 http fetch GET 200 https://registry.npmjs.org/@types%2fws 577ms (cache miss)
102 silly packumentCache full:https://registry.npmjs.org/@types%2fws set size:undefined disposed:false
103 http fetch GET 200 https://registry.npmjs.org/@supabase%2fphoenix 734ms (cache miss)
104 silly packumentCache full:https://registry.npmjs.org/@supabase%2fphoenix set size:undefined disposed:false
105 http fetch GET 200 https://registry.npmjs.org/iceberg-js 749ms (cache miss)
106 silly packumentCache full:https://registry.npmjs.org/iceberg-js set size:undefined disposed:false
107 silly placeDep ROOT tslib@2.8.1 REPLACE for: @supabase/auth-js@2.104.0 want: 2.8.1
108 silly fetch manifest bufferutil@^4.0.1
109 silly packumentCache full:https://registry.npmjs.org/bufferutil cache-miss
110 http fetch GET 200 https://registry.npmjs.org/bufferutil 51ms (cache miss)
111 silly packumentCache full:https://registry.npmjs.org/bufferutil set size:undefined disposed:false
112 silly fetch manifest utf-8-validate@>=5.0.2
113 silly packumentCache full:https://registry.npmjs.org/utf-8-validate cache-miss
114 http fetch GET 200 https://registry.npmjs.org/utf-8-validate 57ms (cache miss)
115 silly packumentCache full:https://registry.npmjs.org/utf-8-validate set size:undefined disposed:false
116 silly placeDep ROOT @supabase/phoenix@0.4.0 OK for: @supabase/realtime-js@2.104.0 want: ^0.4.0
117 silly placeDep ROOT @types/ws@8.18.1 OK for: @supabase/realtime-js@2.104.0 want: ^8.18.1
118 silly placeDep ROOT ws@8.20.0 OK for: @supabase/realtime-js@2.104.0 want: ^8.18.2
119 silly placeDep ROOT iceberg-js@0.8.1 OK for: @supabase/storage-js@2.104.0 want: ^0.8.1
120 silly reify mark retired [
120 silly reify   '/Users/sahitsai/Downloads/nino-next-js-personal-portfolio-template-2025-08-02-04-43-30-utc/nino-nextjs-package/node_modules/tslib'
120 silly reify ]
121 silly reify moves {
121 silly reify   '/Users/sahitsai/Downloads/nino-next-js-personal-portfolio-template-2025-08-02-04-43-30-utc/nino-nextjs-package/node_modules/tslib': '/Users/sahitsai/Downloads/nino-next-js-personal-portfolio-template-2025-08-02-04-43-30-utc/nino-nextjs-package/node_modules/.tslib-pyVVCPhI'
121 silly reify }
122 silly audit bulk request {
122 silly audit   '@babel/runtime': [ '7.25.9' ],
122 silly audit   '@emnapi/runtime': [ '1.3.1' ],
122 silly audit   '@img/sharp-darwin-arm64': [ '0.33.5' ],
122 silly audit   '@img/sharp-darwin-x64': [ '0.33.5' ],
122 silly audit   '@img/sharp-libvips-darwin-arm64': [ '1.0.4' ],
122 silly audit   '@img/sharp-libvips-darwin-x64': [ '1.0.4' ],
122 silly audit   '@img/sharp-libvips-linux-arm': [ '1.0.5' ],
122 silly audit   '@img/sharp-libvips-linux-arm64': [ '1.0.4' ],
122 silly audit   '@img/sharp-libvips-linux-s390x': [ '1.0.4' ],
122 silly audit   '@img/sharp-libvips-linux-x64': [ '1.0.4' ],
122 silly audit   '@img/sharp-libvips-linuxmusl-arm64': [ '1.0.4' ],
122 silly audit   '@img/sharp-libvips-linuxmusl-x64': [ '1.0.4' ],
122 silly audit   '@img/sharp-linux-arm': [ '0.33.5' ],
122 silly audit   '@img/sharp-linux-arm64': [ '0.33.5' ],
122 silly audit   '@img/sharp-linux-s390x': [ '0.33.5' ],
122 silly audit   '@img/sharp-linux-x64': [ '0.33.5' ],
122 silly audit   '@img/sharp-linuxmusl-arm64': [ '0.33.5' ],
122 silly audit   '@img/sharp-linuxmusl-x64': [ '0.33.5' ],
122 silly audit   '@img/sharp-wasm32': [ '0.33.5' ],
122 silly audit   '@img/sharp-win32-ia32': [ '0.33.5' ],
122 silly audit   '@img/sharp-win32-x64': [ '0.33.5' ],
122 silly audit   '@jridgewell/sourcemap-codec': [ '1.5.0' ],
122 silly audit   '@next/env': [ '14.2.16' ],
122 silly audit   '@next/swc-darwin-arm64': [ '14.2.16' ],
122 silly audit   '@next/swc-darwin-x64': [ '14.2.16' ],
122 silly audit   '@next/swc-linux-arm64-gnu': [ '14.2.16' ],
122 silly audit   '@next/swc-linux-arm64-musl': [ '14.2.16' ],
122 silly audit   '@next/swc-linux-x64-gnu': [ '14.2.16' ],
122 silly audit   '@next/swc-linux-x64-musl': [ '14.2.16' ],
122 silly audit   '@next/swc-win32-arm64-msvc': [ '14.2.16' ],
122 silly audit   '@next/swc-win32-ia32-msvc': [ '14.2.16' ],
122 silly audit   '@next/swc-win32-x64-msvc': [ '14.2.16' ],
122 silly audit   '@popperjs/core': [ '2.11.8' ],
122 silly audit   '@swc/counter': [ '0.1.3' ],
122 silly audit   '@swc/helpers': [ '0.5.5' ],
122 silly audit   '@types/js-cookie': [ '2.2.7' ],
122 silly audit   '@types/node': [ '20.16.15' ],
122 silly audit   '@types/prop-types': [ '15.7.13' ],
122 silly audit   '@types/react': [ '18.3.12' ],
122 silly audit   '@types/react-dom': [ '18.3.1' ],
122 silly audit   '@types/react-modal-video': [ '1.2.3' ],
122 silly audit   '@xobotyi/scrollbar-width': [ '1.9.5' ],
122 silly audit   'animate.css': [ '4.1.1' ],
122 silly audit   bootstrap: [ '5.3.3' ],
122 silly audit   busboy: [ '1.6.0' ],
122 silly audit   'caniuse-lite': [ '1.0.30001669' ],
122 silly audit   'client-only': [ '0.0.1' ],
122 silly audit   color: [ '4.2.3' ],
122 silly audit   'color-convert': [ '2.0.1' ],
122 silly audit   'color-name': [ '1.1.4' ],
122 silly audit   'color-string': [ '1.9.1' ],
122 silly audit   'copy-to-clipboard': [ '3.3.3' ],
122 silly audit   'core-js': [ '3.38.1' ],
122 silly audit   'countup.js': [ '2.8.0' ],
122 silly audit   'css-in-js-utils': [ '3.1.0' ],
122 silly audit   'css-tree': [ '1.1.3' ],
122 silly audit   csstype: [ '3.1.3' ],
122 silly audit   'detect-libc': [ '2.0.3' ],
122 silly audit   'dom-helpers': [ '5.2.1' ],
122 silly audit   'error-stack-parser': [ '2.1.4' ],
122 silly audit   exenv: [ '1.2.2' ],
122 silly audit   'fast-deep-equal': [ '3.1.3' ],
122 silly audit   'fast-shallow-equal': [ '1.0.0' ],
122 silly audit   'fastest-stable-stringify': [ '2.0.2' ],
122 silly audit   'graceful-fs': [ '4.2.11' ],
122 silly audit   gsap: [ '3.12.5' ],
122 silly audit   'hyphenate-style-name': [ '1.1.0' ],
122 silly audit   'inline-style-prefixer': [ '7.0.1' ],
122 silly audit   'is-arrayish': [ '0.3.2' ],
122 silly audit   'js-cookie': [ '2.2.1' ],
122 silly audit   'js-tokens': [ '4.0.0' ],
122 silly audit   'loose-envify': [ '1.4.0' ],
122 silly audit   'mdn-data': [ '2.0.14' ],
122 silly audit   'nano-css': [ '5.6.2' ],
122 silly audit   nanoid: [ '3.3.7' ],
122 silly audit   next: [ '14.2.16' ],
122 silly audit   'object-assign': [ '4.1.1' ],
122 silly audit   picocolors: [ '1.1.1' ],
122 silly audit   postcss: [ '8.4.31' ],
122 silly audit   'prop-types': [ '15.8.1' ],
122 silly audit   react: [ '18.3.1' ],
122 silly audit   'react-18-image-lightbox': [ '5.1.4' ],
122 silly audit   'react-countup': [ '6.5.3' ],
122 silly audit   'react-dom': [ '18.3.1' ],
122 silly audit   'react-intersection-observer': [ '9.13.1' ],
122 silly audit   'react-is': [ '16.13.1' ],
122 silly audit   'react-lifecycles-compat': [ '3.0.4' ],
122 silly audit   'react-modal': [ '3.16.1' ],
122 silly audit   'react-modal-video': [ '2.0.2' ],
122 silly audit   'react-transition-group': [ '4.4.5' ],
122 silly audit   'react-universal-interface': [ '0.6.2' ],
122 silly audit   'react-use': [ '17.5.1' ],
122 silly audit   'regenerator-runtime': [ '0.14.1' ],
122 silly audit   'resize-observer-polyfill': [ '1.5.1' ],
122 silly audit   'rtl-css-js': [ '1.16.1' ],
122 silly audit   scheduler: [ '0.23.2' ],
122 silly audit   screenfull: [ '5.2.0' ],
122 silly audit   semver: [ '7.6.3' ],
122 silly audit   'set-harmonic-interval': [ '1.0.1' ],
122 silly audit   sharp: [ '0.33.5' ],
122 silly audit   'simple-swizzle': [ '0.2.2' ],
122 silly audit   'source-map': [ '0.6.1', '0.5.6' ],
122 silly audit   'source-map-js': [ '1.2.1' ],
122 silly audit   'stack-generator': [ '2.0.10' ],
122 silly audit   stackframe: [ '1.3.4' ],
122 silly audit   'stacktrace-gps': [ '3.1.2' ],
122 silly audit   'stacktrace-js': [ '2.0.2' ],
122 silly audit   streamsearch: [ '1.1.0' ],
122 silly audit   'styled-jsx': [ '5.1.1' ],
122 silly audit   stylis: [ '4.3.4' ],
122 silly audit   swiper: [ '11.1.14' ],
122 silly audit   'throttle-debounce': [ '3.0.1' ],
122 silly audit   'toggle-selection': [ '1.0.6' ],
122 silly audit   'ts-easing': [ '0.2.0' ],
122 silly audit   typescript: [ '5.6.3' ],
122 silly audit   'undici-types': [ '6.19.8' ],
122 silly audit   warning: [ '4.0.3' ],
122 silly audit   wowjs: [ '1.1.3' ],
122 silly audit   '@supabase/ssr': [ '0.10.2' ],
122 silly audit   '@supabase/supabase-js': [ '2.104.0' ],
122 silly audit   cookie: [ '1.1.1' ],
122 silly audit   '@supabase/auth-js': [ '2.104.0' ],
122 silly audit   '@supabase/functions-js': [ '2.104.0' ],
122 silly audit   '@supabase/postgrest-js': [ '2.104.0' ],
122 silly audit   '@supabase/realtime-js': [ '2.104.0' ],
122 silly audit   '@supabase/storage-js': [ '2.104.0' ],
122 silly audit   tslib: [ '2.8.1' ],
122 silly audit   '@supabase/phoenix': [ '0.4.0' ],
122 silly audit   '@types/ws': [ '8.18.1' ],
122 silly audit   ws: [ '8.20.0' ],
122 silly audit   'iceberg-js': [ '0.8.1' ]
122 silly audit }
123 http cache iceberg-js@https://registry.npmjs.org/iceberg-js/-/iceberg-js-0.8.1.tgz 0ms (cache hit)
124 http cache @supabase/phoenix@https://registry.npmjs.org/@supabase/phoenix/-/phoenix-0.4.0.tgz 0ms (cache hit)
125 http cache @supabase/realtime-js@https://registry.npmjs.org/@supabase/realtime-js/-/realtime-js-2.104.0.tgz 0ms (cache hit)
126 http cache ws@https://registry.npmjs.org/ws/-/ws-8.20.0.tgz 0ms (cache hit)
127 http cache @supabase/storage-js@https://registry.npmjs.org/@supabase/storage-js/-/storage-js-2.104.0.tgz 0ms (cache hit)
128 http cache @supabase/functions-js@https://registry.npmjs.org/@supabase/functions-js/-/functions-js-2.104.0.tgz 0ms (cache hit)
129 http cache @supabase/postgrest-js@https://registry.npmjs.org/@supabase/postgrest-js/-/postgrest-js-2.104.0.tgz 0ms (cache hit)
130 http cache @types/ws@https://registry.npmjs.org/@types/ws/-/ws-8.18.1.tgz 0ms (cache hit)
131 http cache @supabase/supabase-js@https://registry.npmjs.org/@supabase/supabase-js/-/supabase-js-2.104.0.tgz 0ms (cache hit)
132 http cache @supabase/auth-js@https://registry.npmjs.org/@supabase/auth-js/-/auth-js-2.104.0.tgz 0ms (cache hit)
133 http cache cookie@https://registry.npmjs.org/cookie/-/cookie-1.1.1.tgz 0ms (cache hit)
134 http cache @supabase/ssr@https://registry.npmjs.org/@supabase/ssr/-/ssr-0.10.2.tgz 0ms (cache hit)
135 http cache tslib@https://registry.npmjs.org/tslib/-/tslib-2.8.1.tgz 0ms (cache hit)
136 silly tarball no local data for iceberg-js@https://registry.npmjs.org/iceberg-js/-/iceberg-js-0.8.1.tgz. Extracting by manifest.
137 silly tarball no local data for @supabase/phoenix@https://registry.npmjs.org/@supabase/phoenix/-/phoenix-0.4.0.tgz. Extracting by manifest.
138 silly tarball no local data for @supabase/realtime-js@https://registry.npmjs.org/@supabase/realtime-js/-/realtime-js-2.104.0.tgz. Extracting by manifest.
139 silly tarball no local data for ws@https://registry.npmjs.org/ws/-/ws-8.20.0.tgz. Extracting by manifest.
140 silly tarball no local data for @supabase/storage-js@https://registry.npmjs.org/@supabase/storage-js/-/storage-js-2.104.0.tgz. Extracting by manifest.
141 silly tarball no local data for @supabase/functions-js@https://registry.npmjs.org/@supabase/functions-js/-/functions-js-2.104.0.tgz. Extracting by manifest.
142 silly tarball no local data for @supabase/postgrest-js@https://registry.npmjs.org/@supabase/postgrest-js/-/postgrest-js-2.104.0.tgz. Extracting by manifest.
143 silly tarball no local data for @types/ws@https://registry.npmjs.org/@types/ws/-/ws-8.18.1.tgz. Extracting by manifest.
144 silly tarball no local data for @supabase/auth-js@https://registry.npmjs.org/@supabase/auth-js/-/auth-js-2.104.0.tgz. Extracting by manifest.
145 silly tarball no local data for @supabase/supabase-js@https://registry.npmjs.org/@supabase/supabase-js/-/supabase-js-2.104.0.tgz. Extracting by manifest.
146 silly tarball no local data for cookie@https://registry.npmjs.org/cookie/-/cookie-1.1.1.tgz. Extracting by manifest.
147 silly tarball no local data for tslib@https://registry.npmjs.org/tslib/-/tslib-2.8.1.tgz. Extracting by manifest.
148 silly tarball no local data for @supabase/ssr@https://registry.npmjs.org/@supabase/ssr/-/ssr-0.10.2.tgz. Extracting by manifest.
149 http fetch GET 200 https://registry.npmjs.org/ws/-/ws-8.20.0.tgz 61ms (cache miss)
150 http fetch GET 200 https://registry.npmjs.org/iceberg-js/-/iceberg-js-0.8.1.tgz 77ms (cache miss)
151 http fetch GET 200 https://registry.npmjs.org/cookie/-/cookie-1.1.1.tgz 179ms (cache miss)
152 http fetch GET 200 https://registry.npmjs.org/tslib/-/tslib-2.8.1.tgz 180ms (cache miss)
153 http fetch POST 200 https://registry.npmjs.org/-/npm/v1/security/advisories/bulk 266ms
154 silly audit report {
154 silly audit report   '@babel/runtime': [
154 silly audit report     {
154 silly audit report       id: 1104000,
154 silly audit report       url: 'https://github.com/advisories/GHSA-968p-4wvh-cqc8',
154 silly audit report       title: 'Babel has inefficient RegExp complexity in generated code with .replace when transpiling named capturing groups',
154 silly audit report       severity: 'moderate',
154 silly audit report       vulnerable_versions: '<7.26.10',
154 silly audit report       cwe: [Array],
154 silly audit report       cvss: [Object]
154 silly audit report     }
154 silly audit report   ],
154 silly audit report   nanoid: [
154 silly audit report     {
154 silly audit report       id: 1109563,
154 silly audit report       url: 'https://github.com/advisories/GHSA-mwcw-c2x4-8c55',
154 silly audit report       title: 'Predictable results in nanoid generation when given non-integer values',
154 silly audit report       severity: 'moderate',
154 silly audit report       vulnerable_versions: '<3.3.8',
154 silly audit report       cwe: [Array],
154 silly audit report       cvss: [Object]
154 silly audit report     }
154 silly audit report   ],
154 silly audit report   next: [
154 silly audit report     {
154 silly audit report       id: 1101438,
154 silly audit report       url: 'https://github.com/advisories/GHSA-7m27-7ghc-44w9',
154 silly audit report       title: 'Next.js Allows a Denial of Service (DoS) with Server Actions',
154 silly audit report       severity: 'moderate',
154 silly audit report       vulnerable_versions: '>=14.0.0 <14.2.21',
154 silly audit report       cwe: [Array],
154 silly audit report       cvss: [Object]
154 silly audit report     },
154 silly audit report     {
154 silly audit report       id: 1105461,
154 silly audit report       url: 'https://github.com/advisories/GHSA-3h52-269p-cp9r',
154 silly audit report       title: 'Information exposure in Next.js dev server due to lack of origin verification',
154 silly audit report       severity: 'low',
154 silly audit report       vulnerable_versions: '>=13.0 <14.2.30',
154 silly audit report       cwe: [Array],
154 silly audit report       cvss: [Object]
154 silly audit report     },
154 silly audit report     {
154 silly audit report       id: 1111391,
154 silly audit report       url: 'https://github.com/advisories/GHSA-mwv6-3258-q52c',
154 silly audit report       title: 'Next Vulnerable to Denial of Service with Server Components',
154 silly audit report       severity: 'high',
154 silly audit report       vulnerable_versions: '>=13.3.0 <14.2.34',
154 silly audit report       cwe: [Array],
154 silly audit report       cvss: [Object]
154 silly audit report     },
154 silly audit report     {
154 silly audit report       id: 1107226,
154 silly audit report       url: 'https://github.com/advisories/GHSA-g5qg-72qw-gw5v',
154 silly audit report       title: 'Next.js Affected by Cache Key Confusion for Image Optimization API Routes',
154 silly audit report       severity: 'moderate',
154 silly audit report       vulnerable_versions: '>=0.9.9 <14.2.31',
154 silly audit report       cwe: [Array],
154 silly audit report       cvss: [Object]
154 silly audit report     },
154 silly audit report     {
154 silly audit report       id: 1107512,
154 silly audit report       url: 'https://github.com/advisories/GHSA-4342-x723-ch2f',
154 silly audit report       title: 'Next.js Improper Middleware Redirect Handling Leads to SSRF',
154 silly audit report       severity: 'moderate',
154 silly audit report       vulnerable_versions: '>=0.9.9 <14.2.32',
154 silly audit report       cwe: [Array],
154 silly audit report       cvss: [Object]
154 silly audit report     },
154 silly audit report     {
154 silly audit report       id: 1107513,
154 silly audit report       url: 'https://github.com/advisories/GHSA-xv57-4mr9-wg8v',
154 silly audit report       title: 'Next.js Content Injection Vulnerability for Image Optimization',
154 silly audit report       severity: 'moderate',
154 silly audit report       vulnerable_versions: '>=0.9.9 <14.2.31',
154 silly audit report       cwe: [Array],
154 silly audit report       cvss: [Object]
154 silly audit report     },
154 silly audit report     {
154 silly audit report       id: 1112182,
154 silly audit report       url: 'https://github.com/advisories/GHSA-5j59-xgg2-r9c4',
154 silly audit report       title: 'Next has a Denial of Service with Server Components - Incomplete Fix Follow-Up',
154 silly audit report       severity: 'high',
154 silly audit report       vulnerable_versions: '>=13.3.1-canary.0 <14.2.35',
154 silly audit report       cwe: [Array],
154 silly audit report       cvss: [Object]
154 silly audit report     },
154 silly audit report     {
154 silly audit report       id: 1108291,
154 silly audit report       url: 'https://github.com/advisories/GHSA-qpjv-v59x-3qc4',
154 silly audit report       title: 'Next.js Race Condition to Cache Poisoning',
154 silly audit report       severity: 'low',
154 silly audit report       vulnerable_versions: '>=0.9.9 <14.2.24',
154 silly audit report       cwe: [Array],
154 silly audit report       cvss: [Object]
154 silly audit report     },
154 silly audit report     {
154 silly audit report       id: 1112593,
154 silly audit report       url: 'https://github.com/advisories/GHSA-9g9p-9gw9-jx7f',
154 silly audit report       title: 'Next.js self-hosted applications vulnerable to DoS via Image Optimizer remotePatterns configuration',
154 silly audit report       severity: 'moderate',
154 silly audit report       vulnerable_versions: '>=10.0.0 <15.5.10',
154 silly audit report       cwe: [Array],
154 silly audit report       cvss: [Object]
154 silly audit report     },
154 silly audit report     {
154 silly audit report       id: 1112653,
154 silly audit report       url: 'https://github.com/advisories/GHSA-h25m-26qc-wcjf',
154 silly audit report       title: 'Next.js HTTP request deserialization can lead to DoS when using insecure React Server Components',
154 silly audit report       severity: 'high',
154 silly audit report       vulnerable_versions: '>=13.0.0 <15.0.8',
154 silly audit report       cwe: [Array],
154 silly audit report       cvss: [Object]
154 silly audit report     },
154 silly audit report     {
154 silly audit report       id: 1113689,
154 silly audit report       url: 'https://github.com/advisories/GHSA-f82v-jwr5-mffw',
154 silly audit report       title: 'Authorization Bypass in Next.js Middleware',
154 silly audit report       severity: 'critical',
154 silly audit report       vulnerable_versions: '>=14.0.0 <14.2.25',
154 silly audit report       cwe: [Array],
154 silly audit report       cvss: [Object]
154 silly audit report     },
154 silly audit report     {
154 silly audit report       id: 1114897,
154 silly audit report       url: 'https://github.com/advisories/GHSA-ggv3-7p47-pfv8',
154 silly audit report       title: 'Next.js: HTTP request smuggling in rewrites',
154 silly audit report       severity: 'moderate',
154 silly audit report       vulnerable_versions: '>=9.5.0 <15.5.13',
154 silly audit report       cwe: [Array],
154 silly audit report       cvss: [Object]
154 silly audit report     },
154 silly audit report     {
154 silly audit report       id: 1114940,
154 silly audit report       url: 'https://github.com/advisories/GHSA-3x4c-7xq6-9pq8',
154 silly audit report       title: 'Next.js: Unbounded next/image disk cache growth can exhaust storage',
154 silly audit report       severity: 'moderate',
154 silly audit report       vulnerable_versions: '>=10.0.0 <15.5.14',
154 silly audit report       cwe: [Array],
154 silly audit report       cvss: [Object]
154 silly audit report     },
154 silly audit report     {
154 silly audit report       id: 1116376,
154 silly audit report       url: 'https://github.com/advisories/GHSA-q4gf-8mx6-v5v3',
154 silly audit report       title: 'Next.js has a Denial of Service with Server Components',
154 silly audit report       severity: 'high',
154 silly audit report       vulnerable_versions: '>=13.0.0 <15.5.15',
154 silly audit report       cwe: [Array],
154 silly audit report       cvss: [Object]
154 silly audit report     }
154 silly audit report   ],
154 silly audit report   swiper: [
154 silly audit report     {
154 silly audit report       id: 1113431,
154 silly audit report       url: 'https://github.com/advisories/GHSA-hmx5-qpq5-p643',
154 silly audit report       title: 'Prototype pollution in swiper',
154 silly audit report       severity: 'critical',
154 silly audit report       vulnerable_versions: '>=6.5.1 <12.1.2',
154 silly audit report       cwe: [Array],
154 silly audit report       cvss: [Object]
154 silly audit report     }
154 silly audit report   ]
154 silly audit report }
155 silly packumentCache corgi:https://registry.npmjs.org/@babel%2fruntime cache-miss
156 silly packumentCache corgi:https://registry.npmjs.org/nanoid cache-miss
157 silly packumentCache corgi:https://registry.npmjs.org/next cache-miss
158 silly packumentCache corgi:https://registry.npmjs.org/swiper cache-miss
159 http fetch GET 200 https://registry.npmjs.org/@supabase/realtime-js/-/realtime-js-2.104.0.tgz 333ms (cache miss)
160 http fetch GET 200 https://registry.npmjs.org/@supabase/ssr/-/ssr-0.10.2.tgz 450ms (cache miss)
161 http fetch GET 200 https://registry.npmjs.org/@supabase/functions-js/-/functions-js-2.104.0.tgz 472ms (cache miss)
162 http fetch GET 200 https://registry.npmjs.org/@supabase/storage-js/-/storage-js-2.104.0.tgz 482ms (cache miss)
163 http fetch GET 200 https://registry.npmjs.org/@supabase/phoenix/-/phoenix-0.4.0.tgz 487ms (cache miss)
164 http fetch GET 200 https://registry.npmjs.org/nanoid 321ms (cache revalidated)
165 silly packumentCache corgi:https://registry.npmjs.org/nanoid set size:146336 disposed:false
166 http fetch GET 200 https://registry.npmjs.org/swiper 324ms (cache revalidated)
167 silly packumentCache corgi:https://registry.npmjs.org/swiper set size:495986 disposed:false
168 http fetch GET 200 https://registry.npmjs.org/next 354ms (cache revalidated)
169 silly packumentCache corgi:https://registry.npmjs.org/next set size:24786150 disposed:false
170 http fetch GET 200 https://registry.npmjs.org/@babel%2fruntime 845ms (cache revalidated)
171 silly packumentCache corgi:https://registry.npmjs.org/@babel%2fruntime set size:222229 disposed:false
172 silly packumentCache corgi:https://registry.npmjs.org/dom-helpers cache-miss
173 silly packumentCache corgi:https://registry.npmjs.org/react-transition-group cache-miss
174 silly packumentCache corgi:https://registry.npmjs.org/rtl-css-js cache-miss
175 http fetch GET 200 https://registry.npmjs.org/@types/ws/-/ws-8.18.1.tgz 1111ms (cache miss)
176 http fetch GET 200 https://registry.npmjs.org/@supabase/auth-js/-/auth-js-2.104.0.tgz 1122ms (cache miss)
177 http fetch GET 200 https://registry.npmjs.org/@supabase/postgrest-js/-/postgrest-js-2.104.0.tgz 1125ms (cache miss)
178 http fetch GET 200 https://registry.npmjs.org/@supabase/supabase-js/-/supabase-js-2.104.0.tgz 1307ms (cache miss)
179 http fetch GET 200 https://registry.npmjs.org/rtl-css-js 274ms (cache revalidated)
180 silly packumentCache corgi:https://registry.npmjs.org/rtl-css-js set size:36887 disposed:false
181 http fetch GET 200 https://registry.npmjs.org/react-transition-group 287ms (cache revalidated)
182 silly packumentCache corgi:https://registry.npmjs.org/react-transition-group set size:56614 disposed:false
183 http fetch GET 200 https://registry.npmjs.org/dom-helpers 726ms (cache revalidated)
184 silly packumentCache corgi:https://registry.npmjs.org/dom-helpers set size:35093 disposed:false
185 silly packumentCache corgi:https://registry.npmjs.org/postcss cache-miss
186 http fetch GET 200 https://registry.npmjs.org/postcss 43ms (cache revalidated)
187 silly packumentCache corgi:https://registry.npmjs.org/postcss set size:340497 disposed:false
188 silly ADD node_modules/iceberg-js
189 silly ADD node_modules/ws
190 silly ADD node_modules/@types/ws
191 silly ADD node_modules/@supabase/phoenix
192 silly ADD node_modules/@supabase/storage-js
193 silly ADD node_modules/@supabase/realtime-js
194 silly ADD node_modules/@supabase/postgrest-js
195 silly ADD node_modules/@supabase/functions-js
196 silly ADD node_modules/@supabase/auth-js
197 silly ADD node_modules/cookie
198 silly ADD node_modules/@supabase/supabase-js
199 silly ADD node_modules/@supabase/ssr
200 silly CHANGE node_modules/tslib
201 verbose cwd /Users/sahitsai/Downloads/nino-next-js-personal-portfolio-template-2025-08-02-04-43-30-utc/nino-nextjs-package
202 verbose os Darwin 25.3.0
203 verbose node v24.14.1
204 verbose npm  v11.11.0
205 verbose exit 0
206 info ok
